Parameters:
popSize: 128
messageCount: 8192
messageLength: 4
funcCount: 40
stateSize: 1600
rate: 256
capacity: 1344
populationDieOffPercent: 0.5
mutationChance: 0.34
preserveTopNIndividuals: 4
generationCount: 100
0	:
Fitness Score:	2.0
Bitchange:	0.0
Round Function:
LRO22,12#XOR2,2#LRO3,19#XOR13,13#XOR13,13#XOR4,4#LRO2,20#XOR3,3#XOR22,22#XOR15,15#XOR0,0#LRO23,5#XOR20,20#XOR13,13#LRO19,59#LRO8,19#XOR18,18#XOR3,3#LRO15,18#LRO21,18#LRO3,38#LRO22,12#XOR1,1#LRO21,42#LRO2,29#LRO18,39#XOR9,9#XOR10,10#LRO23,54#XOR16,16#LRO24,61#LRO1,52#XOR14,14#XOR23,23#LRO24,45#XOR2,2#XOR0,0#LRO13,38#XOR19,19#LRO17,29#
=================================================================

1	:
Fitness Score:	2.0
Bitchange:	0.0
Round Function:
LRO23,30#XOR13,13#LRO23,14#XOR21,21#LRO15,7#XOR2,2#LRO3,21#LRO0,42#LRO20,40#XOR0,0#LRO9,36#XOR24,24#XOR8,8#LRO11,26#LRO9,42#LRO23,62#XOR16,16#XOR20,20#XOR14,14#LRO0,58#LRO15,2#XOR4,4#LRO0,56#XOR1,1#XOR2,2#XOR3,3#XOR2,2#LRO13,4#XOR6,6#XOR10,10#XOR4,4#XOR9,9#LRO4,33#LRO11,17#XOR24,24#LRO3,35#XOR19,19#LRO7,4#XOR4,4#XOR15,15#
=================================================================

2	:
Fitness Score:	2.0
Bitchange:	0.0
Round Function:
LRO20,1#XOR21,21#XOR16,16#XOR7,7#XOR9,9#LRO9,11#LRO8,11#XOR18,18#XOR13,13#LRO5,62#LRO14,50#XOR24,24#XOR22,22#XOR0,0#LRO5,60#LRO10,54#XOR16,16#LRO6,61#LRO9,62#LRO7,27#XOR11,11#XOR1,1#XOR17,17#XOR15,15#LRO23,42#XOR18,18#LRO15,17#XOR3,3#XOR10,10#LRO9,28#LRO9,43#LRO8,60#LRO11,47#XOR10,10#LRO18,48#LRO21,25#XOR2,2#XOR7,7#LRO20,22#XOR4,4#
=================================================================

3	:
Fitness Score:	2.0
Bitchange:	0.0
Round Function:
XOR20,20#XOR21,21#LRO16,48#LRO15,57#LRO5,25#LRO11,13#LRO6,31#XOR3,3#LRO7,59#LRO18,60#XOR1,1#XOR3,3#LRO7,53#LRO13,53#XOR1,1#LRO24,52#LRO16,16#XOR14,14#XOR15,15#XOR0,0#XOR4,4#XOR9,9#LRO11,23#LRO18,49#XOR0,0#XOR21,21#XOR12,12#XOR17,17#LRO15,21#XOR24,24#XOR2,2#LRO16,22#XOR7,7#XOR14,14#LRO18,2#LRO4,56#XOR10,10#XOR4,4#XOR24,24#LRO11,49#
=================================================================

4	:
Fitness Score:	2.0
Bitchange:	0.0
Round Function:
XOR0,0#LRO10,18#XOR1,1#XOR4,4#XOR3,3#LRO2,3#XOR24,24#XOR22,22#XOR2,2#XOR8,8#LRO2,13#LRO14,34#LRO23,50#LRO8,46#LRO14,16#LRO5,21#XOR24,24#XOR10,10#XOR5,5#XOR6,6#XOR18,18#XOR1,1#LRO10,17#XOR0,0#LRO11,19#XOR22,22#LRO14,5#LRO15,32#XOR6,6#LRO4,45#LRO8,10#LRO7,23#XOR6,6#LRO22,57#XOR1,1#LRO5,46#LRO0,61#LRO6,53#XOR8,8#LRO2,23#
=================================================================

5	:
Fitness Score:	2.0
Bitchange:	0.0
Round Function:
LRO22,53#XOR15,15#LRO5,9#LRO0,31#XOR18,18#XOR12,12#XOR12,12#LRO1,44#XOR13,13#XOR16,16#XOR15,15#XOR9,9#XOR0,0#XOR21,21#XOR4,4#XOR20,20#LRO6,0#LRO0,48#LRO12,59#XOR1,1#XOR16,16#XOR14,14#LRO4,21#XOR14,14#LRO12,43#LRO5,63#XOR3,3#XOR7,7#LRO9,14#XOR11,11#LRO6,13#XOR5,5#LRO21,26#XOR2,2#LRO12,3#XOR8,8#LRO5,37#XOR18,18#XOR7,7#LRO13,39#
=================================================================

6	:
Fitness Score:	2.0
Bitchange:	0.0
Round Function:
XOR7,7#XOR7,7#XOR12,12#LRO16,10#XOR20,20#XOR2,2#LRO7,2#XOR7,7#XOR10,10#XOR12,12#XOR6,6#XOR18,18#XOR14,14#XOR0,0#XOR16,16#XOR12,12#LRO5,40#LRO16,59#LRO16,57#XOR0,0#XOR18,18#LRO22,32#XOR21,21#XOR12,12#LRO18,63#XOR17,17#XOR3,3#LRO13,63#XOR16,16#XOR1,1#LRO8,28#LRO11,7#XOR15,15#XOR1,1#LRO19,1#XOR16,16#LRO19,56#LRO13,32#LRO15,49#XOR9,9#
=================================================================

7	:
Fitness Score:	2.0042057645057465
Bitchange:	0.001049234709387156
Round Function:
XOR23,23#LRO22,39#LRO13,31#XOR14,14#LRO2,32#LRO16,17#XOR3,3#LRO24,61#XOR3,3#LRO23,35#XOR9,9#LRO2,24#XOR9,9#XOR5,5#XOR18,18#LRO18,57#XOR23,23#LRO8,6#LRO6,39#XOR3,3#XOR1,1#LRO16,22#XOR2,2#XOR24,24#LRO4,19#XOR7,7#LRO11,12#LRO17,6#XOR11,11#XOR24,24#LRO9,57#LRO6,23#LRO18,10#XOR9,9#XOR6,6#XOR20,20#LRO2,19#LRO13,60#XOR1,1#LRO1,29#
=================================================================

8	:
Fitness Score:	2.0042420157571468
Bitchange:	0.0010582593628404634
Round Function:
XOR15,15#XOR17,17#XOR1,1#XOR8,8#LRO20,5#XOR15,15#XOR2,2#XOR18,18#XOR9,9#XOR5,5#XOR15,15#XOR20,20#LRO8,34#LRO13,11#XOR13,13#LRO11,49#LRO21,20#XOR12,12#XOR4,4#LRO19,22#XOR8,8#XOR21,21#LRO1,42#XOR19,19#XOR1,1#LRO5,26#LRO9,53#XOR4,4#XOR14,14#XOR5,5#LRO0,41#LRO3,29#XOR2,2#XOR6,6#XOR3,3#XOR7,7#LRO23,31#LRO7,11#XOR12,12#XOR17,17#
=================================================================

9	:
Fitness Score:	2.004247739758825
Bitchange:	0.0010596843081225645
Round Function:
LRO5,37#LRO6,37#XOR10,10#LRO12,6#XOR0,0#LRO24,45#XOR22,22#XOR2,2#LRO7,48#XOR7,7#LRO19,27#LRO24,56#LRO0,10#LRO3,5#LRO21,28#XOR18,18#LRO8,18#XOR20,20#XOR16,16#LRO8,43#XOR8,8#XOR10,10#LRO21,49#XOR19,19#XOR11,11#LRO6,7#LRO11,19#XOR9,9#LRO12,2#XOR4,4#LRO1,5#XOR24,24#LRO19,7#XOR19,19#XOR11,11#XOR20,20#LRO0,43#LRO1,56#LRO12,47#XOR1,1#
=================================================================

10	:
Fitness Score:	2.0042630039231444
Bitchange:	0.0010634841622081676
Round Function:
XOR7,7#LRO22,37#LRO3,53#XOR15,15#XOR9,9#XOR9,9#XOR8,8#XOR6,6#XOR1,1#LRO21,32#LRO4,54#LRO12,34#LRO10,26#LRO2,41#XOR14,14#LRO18,32#XOR0,0#LRO18,38#LRO13,40#XOR13,13#XOR2,2#LRO6,28#LRO5,62#LRO5,42#LRO19,14#LRO1,0#XOR11,11#XOR8,8#LRO23,38#XOR20,20#LRO0,7#XOR0,0#LRO11,41#LRO22,4#LRO15,6#LRO18,55#XOR23,23#LRO12,19#XOR2,2#LRO18,26#
=================================================================

11	:
Fitness Score:	2.0042782683199656
Bitchange:	0.0010672840162937707
Round Function:
LRO19,35#LRO19,7#LRO16,62#XOR19,19#XOR6,6#LRO15,27#LRO20,14#LRO10,40#LRO18,17#LRO24,11#XOR2,2#XOR11,11#LRO12,30#LRO5,19#XOR19,19#LRO7,16#XOR1,1#XOR14,14#XOR0,0#XOR15,15#XOR4,4#LRO18,12#XOR8,8#XOR0,0#XOR14,14#LRO1,11#LRO8,58#LRO18,51#XOR11,11#LRO10,51#XOR19,19#LRO9,57#LRO16,30#LRO4,41#LRO15,43#XOR22,22#LRO1,26#XOR0,0#LRO16,39#LRO12,62#
=================================================================

12	:
Fitness Score:	2.004318338467866
Bitchange:	0.0010772586332684789
Round Function:
XOR21,21#XOR5,5#LRO0,17#LRO1,27#LRO21,1#XOR14,14#XOR2,2#XOR16,16#LRO5,31#LRO10,38#XOR22,22#LRO2,31#LRO5,60#XOR3,3#XOR19,19#XOR10,10#XOR1,1#XOR18,18#LRO7,34#XOR3,3#LRO1,7#LRO1,24#LRO15,29#LRO7,37#LRO12,19#XOR7,7#LRO10,62#XOR24,24#XOR24,24#LRO15,12#LRO16,61#LRO21,3#XOR8,8#XOR19,19#XOR1,1#XOR12,12#LRO18,62#LRO8,57#XOR23,23#LRO10,11#
=================================================================

13	:
Fitness Score:	2.0043469609830264
Bitchange:	0.0010843833596789847
Round Function:
XOR10,10#XOR15,15#LRO5,19#XOR22,22#LRO14,48#XOR0,0#LRO4,17#XOR5,5#LRO17,10#LRO2,11#XOR1,1#XOR24,24#XOR7,7#LRO10,53#LRO14,62#LRO18,56#LRO22,36#LRO18,10#XOR4,4#XOR13,13#LRO12,36#XOR24,24#LRO15,10#LRO15,1#LRO18,31#LRO17,54#LRO13,17#LRO16,35#XOR3,3#XOR18,18#LRO20,0#XOR17,17#LRO17,57#XOR13,13#XOR18,18#LRO24,0#XOR7,7#LRO21,32#XOR22,22#LRO8,21#
=================================================================

14	:
Fitness Score:	2.0043603184365306
Bitchange:	0.0010877082320038874
Round Function:
LRO1,23#XOR16,16#LRO21,0#LRO11,37#LRO9,40#XOR6,6#XOR3,3#XOR22,22#LRO21,3#LRO21,9#LRO13,58#LRO5,30#LRO22,41#XOR13,13#XOR9,9#LRO15,41#XOR9,9#XOR7,7#XOR11,11#XOR12,12#XOR2,2#LRO9,57#LRO11,49#LRO17,30#LRO23,20#LRO4,4#LRO22,32#LRO11,20#XOR21,21#XOR23,23#LRO8,5#XOR20,20#LRO9,33#XOR0,0#XOR10,10#XOR2,2#XOR5,5#LRO15,4#XOR7,7#LRO3,33#
=================================================================

15	:
Fitness Score:	2.0043698595837496
Bitchange:	0.0010900831408073893
Round Function:
LRO5,54#XOR3,3#XOR11,11#LRO19,23#XOR15,15#XOR10,10#XOR4,4#XOR19,19#LRO15,9#LRO7,22#LRO12,2#LRO20,54#LRO18,3#XOR18,18#LRO2,35#LRO7,10#XOR8,8#LRO11,8#XOR9,9#LRO2,39#XOR7,7#LRO12,16#LRO6,4#LRO19,52#XOR13,13#LRO22,55#LRO10,7#XOR1,1#LRO17,15#XOR1,1#XOR21,21#LRO4,13#XOR17,17#LRO19,58#LRO10,56#LRO0,32#LRO4,42#XOR21,21#XOR0,0#LRO3,28#
=================================================================

16	:
Fitness Score:	2.0044118417106596
Bitchange:	0.0011005327395427979
Round Function:
XOR9,9#LRO16,48#LRO17,57#LRO1,8#LRO5,8#LRO12,57#LRO9,51#LRO15,23#XOR9,9#XOR11,11#XOR9,9#XOR2,2#LRO0,22#XOR8,8#XOR3,3#XOR13,13#LRO7,6#LRO0,30#XOR6,6#XOR15,15#XOR23,23#LRO11,13#LRO5,57#XOR11,11#XOR2,2#LRO8,5#XOR13,13#LRO5,42#XOR3,3#XOR0,0#LRO2,60#LRO22,6#LRO12,43#XOR19,19#LRO10,3#LRO12,22#XOR14,14#LRO1,51#LRO18,22#XOR6,6#
=================================================================

17	:
Fitness Score:	2.0044519171996718
Bitchange:	0.001110507356517506
Round Function:
XOR20,20#XOR3,3#LRO7,40#LRO7,25#LRO19,6#XOR9,9#LRO2,7#XOR2,2#XOR5,5#LRO17,3#LRO20,59#LRO15,39#LRO4,56#XOR9,9#XOR8,8#LRO13,27#XOR21,21#LRO1,12#XOR9,9#LRO10,54#XOR12,12#LRO16,2#XOR10,10#LRO3,24#LRO20,16#LRO9,15#XOR9,9#XOR11,11#XOR8,8#LRO15,0#LRO19,5#LRO15,23#XOR23,23#XOR9,9#XOR0,0#XOR19,19#XOR6,6#XOR14,14#LRO19,58#LRO4,6#
=================================================================

18	:
Fitness Score:	2.0085269742597567
Bitchange:	0.002122693488570032
Round Function:
LRO24,56#LRO8,58#LRO24,28#LRO7,7#XOR22,22#LRO20,0#LRO11,46#LRO8,17#XOR15,15#XOR2,2#LRO8,17#LRO20,10#LRO19,8#XOR1,1#XOR23,23#LRO5,4#XOR8,8#XOR20,20#LRO10,23#LRO13,16#XOR2,2#LRO22,9#LRO22,15#LRO18,35#XOR7,7#LRO3,31#LRO14,49#LRO18,52#LRO15,55#LRO18,63#XOR1,1#LRO12,22#LRO7,6#LRO21,63#LRO17,38#XOR8,8#LRO17,49#XOR10,10#LRO2,16#LRO21,36#
=================================================================

19	:
Fitness Score:	2.008576795712938
Bitchange:	0.002135043014348242
Round Function:
LRO22,49#XOR21,21#LRO13,11#LRO2,34#LRO3,51#XOR1,1#XOR2,2#XOR15,15#LRO6,42#XOR12,12#XOR14,14#XOR8,8#LRO1,16#LRO13,60#XOR16,16#LRO2,21#XOR16,16#LRO18,45#XOR18,18#LRO8,2#XOR21,21#LRO7,43#LRO14,2#LRO23,23#XOR7,7#LRO20,19#XOR9,9#XOR21,21#LRO10,31#XOR2,2#XOR18,18#XOR17,17#LRO21,26#XOR18,18#XOR16,16#LRO10,26#XOR12,12#XOR21,21#LRO8,48#LRO2,47#
=================================================================

20	:
Fitness Score:	2.00859979106343
Bitchange:	0.0021407427954766465
Round Function:
LRO18,0#XOR1,1#XOR22,22#XOR22,22#XOR12,12#XOR9,9#LRO2,54#LRO3,36#LRO6,34#XOR1,1#LRO9,50#XOR3,3#LRO9,12#XOR8,8#XOR24,24#XOR13,13#LRO4,17#LRO1,38#LRO9,14#LRO23,54#XOR17,17#LRO15,28#XOR12,12#XOR3,3#LRO9,60#LRO21,39#XOR18,18#XOR1,1#XOR3,3#XOR20,20#XOR5,5#LRO22,58#XOR5,5#XOR8,8#LRO19,59#LRO12,56#LRO20,35#XOR22,22#LRO21,36#LRO18,13#
=================================================================

21	:
Fitness Score:	2.008617037921836
Bitchange:	0.00214501763132295
Round Function:
XOR15,15#XOR14,14#XOR4,4#LRO2,30#LRO17,21#XOR11,11#XOR19,19#XOR12,12#XOR21,21#LRO4,18#XOR3,3#LRO9,21#LRO15,48#LRO14,7#XOR16,16#XOR9,9#XOR10,10#XOR22,22#XOR13,13#XOR4,4#LRO16,25#XOR2,2#XOR19,19#LRO21,42#XOR22,22#LRO16,49#XOR7,7#XOR12,12#LRO1,16#XOR18,18#XOR24,24#LRO5,46#XOR11,11#LRO18,21#XOR14,14#LRO22,20#XOR7,7#XOR10,10#XOR11,11#LRO3,43#
=================================================================

22	:
Fitness Score:	2.0086227869404563
Bitchange:	0.002146442576605051
Round Function:
LRO17,26#LRO4,56#LRO19,50#XOR22,22#XOR17,17#XOR16,16#LRO12,37#XOR9,9#LRO13,23#XOR3,3#LRO16,29#LRO10,10#XOR3,3#XOR13,13#LRO14,51#XOR13,13#LRO21,36#XOR19,19#LRO13,19#XOR12,12#XOR21,21#LRO15,27#XOR21,21#LRO18,8#XOR3,3#LRO16,17#XOR19,19#LRO21,30#LRO7,33#LRO19,43#XOR12,12#LRO20,49#LRO6,45#XOR2,2#LRO7,7#XOR11,11#LRO20,23#LRO5,58#XOR8,8#XOR22,22#
=================================================================

23	:
Fitness Score:	2.0086227869404563
Bitchange:	0.002146442576605051
Round Function:
XOR18,18#XOR2,2#LRO6,2#XOR12,12#XOR11,11#LRO13,10#XOR13,13#LRO14,29#XOR20,20#XOR13,13#LRO10,39#LRO18,49#XOR3,3#XOR2,2#XOR17,17#LRO4,57#LRO14,1#XOR16,16#XOR9,9#XOR15,15#XOR15,15#LRO21,53#LRO23,19#XOR17,17#XOR20,20#LRO13,54#LRO3,58#XOR6,6#XOR4,4#XOR2,2#XOR9,9#LRO17,44#LRO6,5#XOR9,9#LRO19,19#LRO12,0#XOR7,7#XOR24,24#LRO7,32#XOR24,24#
=================================================================

24	:
Fitness Score:	2.0086227869404563
Bitchange:	0.002146442576605051
Round Function:
XOR2,2#LRO2,52#LRO14,18#XOR19,19#LRO5,10#XOR4,4#XOR5,5#XOR19,19#LRO14,62#LRO15,37#XOR21,21#XOR6,6#LRO20,42#XOR7,7#LRO21,12#XOR20,20#XOR24,24#LRO3,0#XOR24,24#LRO22,4#XOR14,14#LRO20,9#XOR8,8#XOR5,5#LRO15,19#LRO16,45#LRO23,21#XOR4,4#LRO24,41#LRO3,21#XOR3,3#LRO9,49#LRO5,3#LRO11,15#LRO15,35#LRO5,7#LRO7,39#LRO18,61#XOR6,6#XOR12,12#
=================================================================

25	:
Fitness Score:	2.0086266196378193
Bitchange:	0.002147392540126452
Round Function:
XOR4,4#LRO6,18#XOR17,17#XOR23,23#LRO6,20#XOR18,18#LRO13,24#LRO4,25#XOR8,8#XOR24,24#XOR13,13#XOR22,22#XOR2,2#XOR19,19#XOR18,18#LRO20,54#LRO14,18#XOR5,5#LRO18,17#XOR3,3#LRO3,35#XOR18,18#LRO15,61#LRO14,46#XOR4,4#XOR3,3#XOR10,10#XOR13,13#LRO12,14#LRO21,56#XOR20,20#XOR17,17#LRO19,33#LRO1,33#XOR10,10#XOR20,20#XOR3,3#XOR15,15#LRO21,44#XOR7,7#
=================================================================

26	:
Fitness Score:	2.008643866956958
Bitchange:	0.0021516673759727554
Round Function:
LRO13,25#LRO5,9#LRO19,57#XOR1,1#XOR5,5#LRO18,30#LRO14,35#LRO19,37#XOR19,19#LRO2,31#XOR19,19#XOR1,1#LRO17,46#XOR9,9#LRO15,19#LRO3,37#LRO0,60#LRO9,2#LRO9,53#XOR23,23#XOR8,8#LRO20,20#XOR6,6#LRO0,24#LRO7,10#LRO3,36#LRO14,51#LRO17,14#XOR16,16#XOR10,10#XOR15,15#XOR24,24#LRO13,55#LRO7,46#XOR22,22#LRO8,50#XOR0,0#LRO18,37#XOR11,11#XOR4,4#
=================================================================

27	:
Fitness Score:	2.0086553653342696
Bitchange:	0.0021545172665369578
Round Function:
XOR21,21#XOR22,22#XOR15,15#LRO10,29#XOR12,12#XOR9,9#XOR21,21#LRO4,10#XOR1,1#XOR22,22#XOR5,5#XOR2,2#LRO23,59#LRO4,23#LRO3,52#LRO11,57#XOR21,21#LRO17,7#LRO10,43#LRO0,33#LRO19,52#LRO13,10#XOR10,10#XOR21,21#XOR19,19#XOR6,6#XOR19,19#XOR7,7#XOR14,14#XOR5,5#XOR15,15#LRO23,63#XOR14,14#XOR6,6#LRO4,45#XOR7,7#LRO5,28#XOR12,12#XOR16,16#LRO11,42#
=================================================================

28	:
Fitness Score:	2.008657281743287
Bitchange:	0.002154992248297658
Round Function:
LRO16,51#XOR23,23#XOR14,14#XOR16,16#LRO23,54#LRO1,20#LRO24,22#LRO23,56#LRO8,48#LRO11,46#XOR12,12#LRO19,35#XOR14,14#LRO4,25#LRO10,48#LRO13,36#LRO13,6#XOR12,12#XOR24,24#LRO1,61#XOR20,20#XOR8,8#LRO17,50#LRO14,7#XOR21,21#LRO9,59#LRO13,54#LRO16,2#XOR23,23#XOR7,7#LRO22,63#XOR3,3#XOR4,4#XOR4,4#LRO6,16#XOR13,13#LRO1,19#XOR17,17#XOR22,22#XOR1,1#
=================================================================

29	:
Fitness Score:	2.0086630309922797
Bitchange:	0.0021564171935797593
Round Function:
XOR7,7#LRO11,20#LRO2,4#XOR10,10#LRO14,23#LRO1,34#LRO5,0#LRO0,38#LRO19,14#XOR21,21#LRO4,6#LRO21,53#XOR2,2#LRO2,48#XOR5,5#XOR15,15#XOR12,12#XOR16,16#XOR22,22#XOR24,24#LRO24,27#XOR3,3#XOR2,2#XOR23,23#XOR9,9#LRO1,30#LRO13,8#LRO2,6#XOR23,23#LRO6,24#LRO23,44#LRO10,32#LRO16,29#XOR12,12#XOR15,15#XOR8,8#LRO18,61#XOR7,7#XOR21,21#LRO16,56#
=================================================================

30	:
Fitness Score:	2.0086726131470707
Bitchange:	0.0021587921023832612
Round Function:
XOR22,22#LRO23,19#XOR5,5#LRO6,10#LRO7,37#LRO11,54#XOR8,8#XOR18,18#XOR18,18#LRO22,29#LRO18,39#LRO4,5#XOR19,19#XOR21,21#LRO6,35#XOR5,5#XOR21,21#LRO10,49#XOR0,0#LRO3,25#LRO14,20#LRO14,40#XOR18,18#LRO3,62#LRO22,40#LRO23,3#XOR19,19#XOR20,20#XOR1,1#LRO5,2#XOR7,7#LRO24,6#XOR20,20#XOR6,6#XOR21,21#XOR21,21#LRO0,40#LRO4,25#LRO19,23#LRO6,22#
=================================================================

31	:
Fitness Score:	2.008682195393284
Bitchange:	0.002161167011186763
Round Function:
LRO8,31#XOR2,2#LRO21,30#LRO0,33#XOR0,0#LRO6,40#XOR5,5#LRO20,50#LRO10,33#LRO21,11#LRO10,25#LRO2,47#LRO14,29#XOR8,8#LRO13,63#XOR12,12#XOR6,6#LRO8,7#LRO11,61#LRO8,37#XOR13,13#LRO0,31#XOR19,19#XOR6,6#XOR2,2#XOR17,17#XOR16,16#LRO14,16#XOR23,23#XOR13,13#XOR6,6#XOR5,5#XOR7,7#XOR2,2#LRO3,40#LRO12,45#LRO20,62#LRO20,9#XOR5,5#LRO14,45#
=================================================================

32	:
Fitness Score:	2.0086898612560797
Bitchange:	0.0021630669382295647
Round Function:
LRO7,54#LRO3,9#XOR23,23#LRO14,25#XOR9,9#XOR23,23#LRO14,18#XOR4,4#XOR7,7#LRO14,3#LRO6,57#XOR13,13#XOR11,11#XOR3,3#XOR23,23#XOR4,4#XOR24,24#LRO17,47#LRO14,55#XOR21,21#XOR9,9#XOR16,16#LRO19,22#XOR20,20#XOR18,18#XOR17,17#LRO0,14#LRO17,23#XOR8,8#XOR11,11#XOR6,6#LRO8,12#LRO22,59#LRO13,16#LRO2,54#LRO19,8#XOR1,1#XOR9,9#XOR3,3#LRO12,5#
=================================================================

33	:
Fitness Score:	2.0086956106915745
Bitchange:	0.002164491883511666
Round Function:
XOR0,0#XOR15,15#XOR13,13#XOR2,2#XOR9,9#XOR12,12#LRO24,20#XOR24,24#LRO24,13#LRO7,43#XOR9,9#LRO20,35#LRO18,54#XOR11,11#LRO4,5#LRO14,2#XOR24,24#XOR10,10#XOR10,10#LRO19,36#XOR5,5#LRO6,62#LRO2,30#LRO24,43#XOR24,24#LRO9,6#XOR14,14#XOR11,11#XOR24,24#XOR22,22#LRO21,42#XOR2,2#XOR9,9#LRO6,53#LRO17,7#LRO6,56#LRO17,48#LRO18,20#XOR9,9#XOR9,9#
=================================================================

34	:
Fitness Score:	2.0086994436668566
Bitchange:	0.0021654418470330667
Round Function:
XOR10,10#LRO20,10#LRO11,37#LRO9,25#XOR21,21#XOR2,2#LRO0,51#XOR10,10#XOR11,11#XOR8,8#LRO5,26#XOR20,20#LRO13,1#LRO4,39#XOR9,9#LRO12,4#LRO10,28#XOR4,4#XOR5,5#XOR19,19#XOR3,3#XOR16,16#LRO19,20#XOR24,24#XOR15,15#XOR4,4#XOR13,13#XOR5,5#XOR8,8#XOR4,4#XOR7,7#LRO4,1#LRO18,16#LRO0,35#LRO7,25#LRO23,39#LRO17,60#XOR21,21#LRO21,3#LRO19,21#
=================================================================

35	:
Fitness Score:	2.008709026169059
Bitchange:	0.0021678167558365686
Round Function:
XOR18,18#XOR7,7#XOR22,22#XOR17,17#LRO19,27#XOR12,12#XOR6,6#XOR13,13#LRO13,55#XOR4,4#LRO13,42#XOR14,14#LRO6,14#XOR22,22#XOR22,22#LRO19,7#XOR23,23#XOR11,11#LRO17,54#LRO18,43#LRO20,25#LRO15,39#XOR9,9#LRO18,36#LRO0,60#XOR12,12#LRO18,15#LRO1,59#XOR22,22#LRO12,11#LRO17,4#LRO8,26#LRO13,2#XOR18,18#LRO0,0#XOR2,2#LRO6,42#XOR17,17#XOR0,0#XOR14,14#
=================================================================

36	:
Fitness Score:	2.008712859195539
Bitchange:	0.0021687667193579694
Round Function:
XOR0,0#XOR6,6#LRO14,32#LRO7,48#LRO18,5#XOR18,18#XOR13,13#XOR16,16#LRO22,18#LRO8,41#XOR23,23#XOR13,13#XOR7,7#LRO1,37#LRO3,27#LRO12,7#LRO2,25#LRO5,28#XOR10,10#XOR21,21#LRO13,16#XOR19,19#LRO13,5#XOR13,13#LRO5,58#LRO13,37#XOR9,9#XOR17,17#LRO14,8#LRO11,44#XOR12,12#LRO1,53#LRO3,17#XOR21,21#XOR15,15#XOR2,2#LRO10,23#LRO5,5#LRO13,52#XOR2,2#
=================================================================

37	:
Fitness Score:	2.00872244182574
Bitchange:	0.0021711416281614713
Round Function:
LRO2,2#XOR6,6#XOR11,11#LRO18,1#XOR22,22#LRO13,29#XOR2,2#XOR22,22#LRO2,17#XOR3,3#LRO20,43#LRO12,41#XOR17,17#LRO0,44#LRO4,3#LRO0,29#LRO22,48#LRO18,22#LRO5,11#LRO24,36#LRO8,44#LRO5,51#LRO14,31#LRO4,36#LRO10,52#XOR3,3#XOR20,20#LRO21,37#LRO11,43#LRO14,36#LRO1,34#LRO12,46#XOR2,2#XOR23,23#LRO16,19#XOR23,23#XOR16,16#LRO1,10#LRO8,3#XOR4,4#
=================================================================

38	:
Fitness Score:	2.008730107995729
Bitchange:	0.002173041555204273
Round Function:
LRO22,49#XOR19,19#XOR22,22#XOR11,11#XOR9,9#LRO11,26#XOR10,10#XOR0,0#XOR18,18#LRO18,23#LRO11,32#XOR6,6#LRO8,11#LRO15,2#LRO1,0#LRO24,28#XOR21,21#LRO6,23#LRO11,6#LRO0,18#LRO0,40#LRO19,59#LRO23,14#LRO16,26#XOR6,6#LRO15,17#LRO9,34#LRO5,19#XOR19,19#LRO10,49#LRO22,52#LRO12,61#LRO24,63#XOR20,20#XOR6,6#XOR1,1#LRO4,18#LRO13,12#XOR0,0#LRO11,11#
=================================================================

39	:
Fitness Score:	2.008751190264921
Bitchange:	0.002178266354571977
Round Function:
XOR24,24#LRO14,36#LRO4,30#LRO17,14#XOR18,18#XOR2,2#XOR18,18#XOR10,10#XOR12,12#XOR14,14#LRO15,61#XOR10,10#XOR4,4#XOR6,6#LRO6,59#XOR6,6#LRO7,16#XOR2,2#XOR0,0#LRO1,5#LRO23,12#LRO8,31#XOR5,5#LRO17,39#XOR0,0#XOR6,6#XOR23,23#XOR5,5#LRO6,18#LRO19,45#LRO14,49#XOR9,9#XOR20,20#LRO21,21#XOR16,16#LRO7,24#LRO24,12#XOR18,18#XOR19,19#LRO17,3#
=================================================================

40	:
Fitness Score:	2.0087588566543455
Bitchange:	0.0021801662816147787
Round Function:
LRO10,42#XOR24,24#LRO11,59#LRO17,4#LRO0,9#LRO2,1#LRO4,50#LRO3,42#XOR21,21#LRO5,4#LRO17,38#LRO12,38#XOR3,3#XOR6,6#XOR8,8#LRO9,42#XOR11,11#XOR24,24#XOR9,9#XOR9,9#LRO22,62#XOR21,21#XOR6,6#LRO13,43#XOR15,15#LRO12,53#XOR20,20#LRO16,63#LRO12,59#XOR1,1#XOR3,3#XOR12,12#LRO19,59#LRO19,38#LRO21,18#LRO3,41#LRO14,33#LRO12,20#XOR17,17#LRO24,20#
=================================================================

41	:
Fitness Score:	2.00883744051998
Bitchange:	0.0021996405338034946
Round Function:
XOR12,12#XOR2,2#LRO15,25#XOR10,10#XOR8,8#XOR11,11#XOR13,13#XOR2,2#LRO18,21#XOR22,22#LRO23,53#LRO19,31#LRO20,38#LRO5,29#LRO4,44#LRO10,38#LRO0,37#XOR9,9#XOR23,23#LRO1,1#XOR10,10#XOR17,17#LRO9,23#XOR17,17#LRO16,26#LRO17,8#LRO17,49#XOR2,2#LRO19,41#LRO12,16#XOR10,10#LRO7,37#XOR8,8#LRO18,60#XOR24,24#LRO1,54#XOR0,0#XOR7,7#XOR20,20#XOR20,20#
=================================================================

42	:
Fitness Score:	2.0089332828239934
Bitchange:	0.002223389621838514
Round Function:
XOR7,7#LRO10,33#LRO3,7#XOR20,20#XOR3,3#XOR0,0#XOR8,8#XOR18,18#LRO3,5#LRO11,53#LRO13,29#LRO20,31#XOR18,18#LRO20,21#LRO7,13#LRO10,54#XOR13,13#LRO21,42#XOR15,15#XOR7,7#XOR16,16#XOR17,17#LRO3,31#LRO5,8#LRO6,43#LRO1,6#LRO7,38#XOR21,21#LRO22,8#XOR4,4#LRO20,7#XOR24,24#LRO10,21#XOR16,16#XOR4,4#LRO16,9#XOR9,9#XOR19,19#LRO17,39#XOR23,23#
=================================================================

43	:
Fitness Score:	2.0089907925962893
Bitchange:	0.0022376390746595256
Round Function:
XOR4,4#LRO1,16#LRO24,35#LRO6,43#LRO4,24#LRO21,50#LRO12,30#XOR6,6#LRO9,33#LRO5,41#XOR13,13#LRO1,41#LRO13,18#LRO21,63#XOR24,24#XOR24,24#LRO11,48#LRO20,40#XOR15,15#LRO14,10#XOR0,0#LRO8,49#XOR21,21#LRO2,17#XOR20,20#LRO21,53#LRO12,47#XOR3,3#LRO14,45#XOR9,9#XOR10,10#LRO5,42#XOR24,24#XOR7,7#LRO5,10#XOR19,19#LRO20,62#LRO7,43#XOR21,21#LRO1,62#
=================================================================

44	:
Fitness Score:	2.0129592358697574
Bitchange:	0.003218951392266526
Round Function:
XOR11,11#LRO16,10#XOR7,7#XOR7,7#LRO17,17#LRO10,11#XOR17,17#XOR14,14#XOR23,23#XOR19,19#XOR17,17#XOR17,17#XOR21,21#XOR16,16#XOR13,13#XOR24,24#LRO23,54#LRO15,39#LRO8,30#LRO22,36#XOR20,20#XOR4,4#XOR1,1#LRO6,15#XOR7,7#LRO4,2#XOR9,9#XOR14,14#XOR5,5#XOR19,19#XOR23,23#XOR19,19#LRO9,51#XOR1,1#XOR19,19#XOR8,8#XOR4,4#XOR24,24#XOR15,15#LRO3,40#
=================================================================

45	:
Fitness Score:	2.0129630851339475
Bitchange:	0.0032199013557879267
Round Function:
XOR19,19#LRO17,12#XOR15,15#XOR24,24#XOR4,4#LRO14,30#XOR18,18#LRO11,41#XOR8,8#LRO5,49#LRO12,23#XOR5,5#XOR19,19#XOR21,21#LRO23,52#XOR5,5#XOR23,23#XOR10,10#XOR13,13#XOR2,2#LRO8,13#LRO18,20#XOR21,21#LRO21,52#XOR16,16#XOR12,12#LRO9,44#XOR18,18#LRO10,33#LRO7,35#XOR23,23#LRO14,8#LRO5,11#XOR8,8#LRO6,10#LRO3,46#LRO18,17#XOR23,23#LRO18,37#LRO23,28#
=================================================================

46	:
Fitness Score:	2.0129996538780004
Bitchange:	0.003228926009241234
Round Function:
XOR4,4#LRO18,35#LRO5,55#LRO6,57#XOR1,1#LRO10,50#LRO7,46#XOR13,13#XOR13,13#XOR11,11#LRO16,6#XOR13,13#XOR20,20#XOR18,18#LRO20,14#XOR23,23#XOR10,10#LRO8,45#XOR14,14#XOR20,20#XOR13,13#LRO0,63#XOR15,15#LRO9,8#LRO18,9#LRO9,57#XOR15,15#LRO6,63#LRO23,18#XOR10,10#LRO6,30#LRO9,52#LRO14,34#XOR22,22#XOR17,17#LRO15,40#LRO17,55#LRO14,2#XOR21,21#LRO10,38#
=================================================================

47	:
Fitness Score:	2.0131112929999158
Bitchange:	0.0032564749513618566
Round Function:
XOR20,20#XOR5,5#XOR8,8#LRO7,10#XOR19,19#XOR19,19#LRO21,43#XOR12,12#XOR3,3#XOR19,19#LRO6,14#XOR9,9#LRO1,16#XOR8,8#LRO0,19#XOR10,10#XOR9,9#XOR23,23#XOR13,13#LRO23,12#LRO0,30#LRO4,7#LRO16,47#XOR10,10#LRO14,46#XOR6,6#LRO13,49#XOR5,5#XOR12,12#LRO6,61#XOR14,14#LRO21,46#LRO12,26#LRO11,27#XOR24,24#XOR3,3#LRO16,58#XOR11,11#XOR11,11#XOR7,7#
=================================================================

48	:
Fitness Score:	2.0131324673337763
Bitchange:	0.003261699750729561
Round Function:
LRO19,8#LRO13,47#XOR10,10#XOR17,17#LRO3,58#LRO24,11#LRO14,46#LRO5,6#LRO9,10#XOR14,14#LRO4,41#XOR20,20#XOR5,5#LRO15,49#XOR13,13#XOR18,18#XOR11,11#XOR11,11#XOR6,6#LRO13,31#XOR3,3#XOR18,18#XOR3,3#LRO0,16#XOR17,17#LRO5,31#XOR18,18#LRO3,26#LRO17,32#LRO15,50#LRO7,33#LRO11,15#XOR23,23#LRO4,25#LRO20,60#LRO20,56#LRO0,52#LRO12,60#LRO10,30#LRO5,7#
=================================================================

49	:
Fitness Score:	2.013167117204555
Bitchange:	0.003270249422422168
Round Function:
LRO24,12#XOR21,21#LRO14,18#XOR17,17#LRO24,39#LRO18,42#XOR10,10#XOR21,21#XOR15,15#LRO17,22#LRO22,62#XOR19,19#LRO16,49#XOR8,8#XOR24,24#XOR6,6#LRO13,16#XOR4,4#LRO13,57#LRO12,39#XOR0,0#XOR5,5#LRO24,49#LRO0,26#LRO13,40#LRO15,0#XOR12,12#LRO23,17#XOR20,20#XOR14,14#XOR5,5#LRO22,37#XOR14,14#LRO10,29#LRO6,56#XOR19,19#XOR0,0#LRO24,9#XOR0,0#XOR12,12#
=================================================================

50	:
Fitness Score:	2.013261447896127
Bitchange:	0.003293523528696487
Round Function:
XOR0,0#XOR4,4#XOR19,19#XOR15,15#XOR17,17#LRO3,5#LRO1,60#LRO1,43#XOR11,11#XOR12,12#LRO21,1#XOR19,19#LRO15,55#XOR0,0#LRO2,37#LRO14,5#XOR9,9#XOR19,19#LRO21,58#XOR4,4#XOR11,11#LRO3,55#LRO20,5#LRO15,38#LRO9,29#LRO21,5#LRO9,46#LRO24,53#XOR11,11#LRO18,10#XOR14,14#LRO3,31#LRO24,8#XOR13,13#XOR24,24#XOR9,9#XOR12,12#LRO7,9#LRO21,9#LRO17,1#
=================================================================

51	:
Fitness Score:	2.017414968593839
Bitchange:	0.004316159259484749
Round Function:
LRO3,41#LRO3,33#LRO18,12#XOR23,23#XOR12,12#LRO8,44#XOR17,17#XOR9,9#LRO16,40#LRO24,32#LRO0,56#XOR7,7#XOR16,16#LRO3,12#LRO18,54#XOR5,5#LRO4,20#LRO16,38#LRO5,38#XOR11,11#XOR6,6#XOR15,15#LRO13,57#XOR10,10#LRO1,34#LRO4,32#XOR24,24#LRO13,18#LRO16,11#LRO22,52#LRO1,37#LRO5,12#LRO11,27#LRO22,20#LRO8,17#XOR8,8#XOR9,9#LRO20,40#LRO8,0#XOR22,22#
=================================================================

52	:
Fitness Score:	2.0175096977967235
Bitchange:	0.004339433365759075
Round Function:
LRO8,45#LRO22,3#LRO23,40#LRO4,35#XOR4,4#LRO6,46#XOR21,21#XOR10,10#LRO4,44#LRO4,20#XOR21,21#XOR6,6#XOR14,14#XOR6,6#XOR19,19#XOR15,15#LRO9,38#LRO3,56#XOR19,19#LRO8,62#LRO14,18#XOR7,7#XOR23,23#LRO17,28#XOR12,12#LRO21,34#XOR4,4#XOR5,5#LRO23,38#LRO7,23#LRO10,34#LRO15,34#XOR16,16#XOR11,11#XOR4,4#LRO24,30#LRO23,2#XOR5,5#XOR21,21#LRO18,7#
=================================================================

53	:
Fitness Score:	2.369138044728317
Bitchange:	0.077905558426556
Round Function:
XOR6,23#XOR0,1#XOR15,3#LRO13,11#XOR3,2#XOR3,0#LRO19,12#XOR0,2#XOR15,12#XOR16,3#LRO10,15#LRO0,2#LRO8,21#XOR1,2#XOR13,3#XOR0,16#LRO24,20#XOR12,8#XOR9,5#XOR2,0#LRO7,54#XOR1,20#XOR24,2#LRO18,62#LRO10,56#LRO3,6#XOR1,17#LRO0,56#XOR1,0#XOR3,13#XOR2,0#LRO2,11#LRO24,27#LRO1,55#XOR1,2#XOR16,21#XOR0,1#XOR0,15#XOR2,15#XOR16,6#
=================================================================

54	:
Fitness Score:	2.369138044728317
Bitchange:	0.077905558426556
Round Function:
XOR6,23#XOR0,1#XOR15,3#LRO13,11#XOR3,2#XOR3,0#LRO19,12#XOR0,2#XOR15,12#XOR16,3#LRO10,15#LRO0,2#LRO8,21#XOR1,2#XOR13,3#XOR0,16#LRO24,20#XOR12,8#XOR9,5#XOR2,0#LRO7,54#XOR1,20#XOR24,2#LRO18,62#LRO20,24#LRO3,6#XOR1,17#LRO0,56#XOR1,0#XOR3,13#XOR2,0#LRO2,11#LRO24,27#LRO1,55#XOR1,2#XOR16,21#XOR0,1#XOR0,15#XOR2,15#XOR16,6#
=================================================================

55	:
Fitness Score:	2.369138044728317
Bitchange:	0.077905558426556
Round Function:
XOR6,23#XOR0,1#XOR15,3#LRO13,11#XOR3,2#XOR3,0#LRO19,12#XOR0,2#XOR15,12#XOR16,3#LRO10,15#LRO0,2#LRO8,21#XOR1,2#XOR13,3#XOR0,16#LRO24,20#XOR12,8#XOR9,5#XOR2,0#LRO7,54#XOR1,20#XOR24,2#LRO18,62#LRO10,56#LRO3,6#XOR1,17#LRO0,56#XOR1,0#XOR3,13#XOR2,0#LRO2,11#LRO24,27#LRO1,55#XOR1,2#XOR16,21#XOR0,1#XOR0,15#XOR2,15#XOR16,6#
=================================================================

56	:
Fitness Score:	2.369138044728317
Bitchange:	0.077905558426556
Round Function:
XOR6,23#XOR0,1#XOR15,3#LRO13,11#XOR3,2#XOR3,0#LRO19,12#XOR0,2#XOR15,12#XOR16,3#LRO10,15#LRO0,2#LRO8,21#XOR1,2#XOR13,3#XOR0,16#LRO24,20#XOR12,8#XOR9,5#XOR2,0#LRO7,54#XOR1,20#XOR24,2#LRO18,62#LRO20,24#LRO3,6#XOR1,17#LRO0,56#XOR1,0#XOR3,13#XOR2,0#LRO2,11#LRO24,27#LRO1,55#XOR1,2#XOR16,21#XOR0,1#XOR0,15#XOR2,15#XOR16,6#
=================================================================

57	:
Fitness Score:	2.369138044728317
Bitchange:	0.077905558426556
Round Function:
XOR6,23#XOR0,1#XOR15,3#LRO13,11#XOR3,2#XOR3,0#LRO19,12#XOR0,2#XOR15,12#XOR16,3#LRO10,15#LRO0,2#LRO8,21#XOR1,2#XOR13,3#XOR0,16#LRO24,20#XOR12,8#XOR9,5#XOR2,0#LRO7,54#XOR1,20#XOR24,2#LRO18,62#LRO10,56#LRO3,6#XOR1,17#LRO0,56#XOR1,0#XOR3,13#XOR2,0#LRO2,11#LRO24,27#LRO1,55#XOR1,2#XOR16,21#XOR0,1#XOR0,15#XOR2,15#XOR16,6#
=================================================================

58	:
Fitness Score:	2.369138044728317
Bitchange:	0.077905558426556
Round Function:
XOR6,23#XOR0,1#XOR15,3#LRO13,11#XOR3,2#XOR3,0#LRO19,12#XOR0,2#XOR15,12#XOR16,3#LRO10,15#LRO0,2#LRO8,21#XOR1,2#XOR13,3#XOR0,16#XOR7,12#XOR12,8#XOR9,5#XOR2,0#LRO7,54#XOR1,20#XOR24,2#LRO18,62#LRO10,56#LRO3,6#XOR1,17#LRO0,56#XOR1,0#XOR3,13#XOR2,0#LRO2,11#LRO24,27#LRO1,55#XOR1,2#XOR16,21#XOR0,1#XOR0,15#XOR2,15#XOR16,6#
=================================================================

59	:
Fitness Score:	2.369138044728317
Bitchange:	0.077905558426556
Round Function:
XOR6,23#XOR0,1#XOR15,3#LRO13,11#XOR3,2#XOR3,0#LRO19,12#XOR0,2#XOR15,12#XOR16,3#LRO10,15#LRO0,2#LRO8,21#XOR1,2#XOR13,3#XOR0,16#LRO24,20#XOR12,8#XOR9,5#XOR2,0#LRO7,54#XOR1,20#XOR24,2#LRO18,62#LRO10,56#LRO3,6#XOR1,17#LRO0,56#XOR1,0#XOR3,13#XOR2,0#LRO2,11#LRO24,27#LRO1,55#XOR1,2#XOR16,21#XOR0,1#XOR0,15#XOR2,15#XOR16,6#
=================================================================

60	:
Fitness Score:	2.369138044728317
Bitchange:	0.077905558426556
Round Function:
XOR6,23#XOR0,1#XOR15,3#LRO13,11#XOR3,2#XOR3,0#LRO19,12#XOR0,2#XOR15,12#XOR16,3#LRO10,15#LRO0,2#LRO8,21#XOR1,2#XOR13,3#XOR0,16#LRO24,20#XOR12,8#XOR9,5#XOR2,0#LRO7,54#XOR1,20#XOR24,2#LRO18,62#LRO10,56#LRO3,6#XOR1,17#LRO0,56#XOR1,0#XOR3,13#XOR2,0#LRO2,11#LRO24,27#LRO1,55#XOR1,2#XOR16,21#XOR0,1#XOR0,15#XOR2,15#XOR16,6#
=================================================================

61	:
Fitness Score:	2.369138044728317
Bitchange:	0.077905558426556
Round Function:
XOR6,23#XOR0,1#XOR15,3#LRO13,11#XOR3,2#XOR3,0#LRO19,12#XOR0,2#XOR15,12#XOR16,3#LRO10,15#LRO0,2#LRO8,21#XOR1,2#XOR13,3#XOR0,16#LRO24,20#XOR12,8#XOR9,5#XOR2,0#LRO7,54#XOR1,20#XOR24,2#LRO18,62#LRO20,24#LRO3,6#XOR1,17#LRO0,56#XOR1,0#XOR3,13#XOR2,0#LRO2,11#LRO24,27#LRO1,55#XOR1,2#XOR16,21#XOR0,1#XOR0,15#XOR2,15#XOR16,6#
=================================================================

62	:
Fitness Score:	2.369138044728317
Bitchange:	0.077905558426556
Round Function:
XOR6,23#XOR0,1#XOR15,3#LRO13,11#XOR3,2#XOR3,0#LRO19,12#XOR0,2#XOR15,12#XOR16,3#LRO10,15#LRO0,2#LRO8,21#XOR1,2#XOR13,3#XOR0,16#LRO24,20#XOR12,8#XOR9,5#XOR2,0#LRO7,54#XOR1,20#XOR24,2#LRO18,62#LRO20,24#LRO3,6#XOR1,17#LRO0,56#XOR1,0#XOR3,13#XOR2,0#LRO2,11#LRO24,27#LRO1,55#XOR1,2#XOR16,21#XOR0,1#XOR0,15#XOR2,15#XOR16,6#
=================================================================

63	:
Fitness Score:	2.369138044728317
Bitchange:	0.077905558426556
Round Function:
XOR6,23#XOR0,1#XOR15,3#LRO13,11#XOR3,2#XOR3,0#LRO19,12#XOR0,2#XOR15,12#XOR16,3#LRO10,15#LRO0,2#LRO8,21#XOR1,2#XOR13,3#XOR0,16#LRO24,20#XOR12,8#XOR9,5#XOR2,0#LRO7,54#XOR1,20#XOR24,2#LRO18,62#LRO20,24#LRO3,6#XOR1,17#LRO0,56#XOR1,0#XOR3,13#XOR2,0#LRO2,11#LRO24,27#LRO1,55#XOR1,2#XOR16,21#XOR0,1#XOR0,15#XOR2,15#XOR16,6#
=================================================================

64	:
Fitness Score:	2.369138044728317
Bitchange:	0.077905558426556
Round Function:
XOR6,23#XOR0,1#XOR15,3#LRO13,11#XOR3,2#XOR3,0#LRO19,12#XOR0,2#XOR15,12#XOR16,3#LRO10,15#LRO0,2#LRO8,21#XOR1,2#XOR13,3#XOR0,16#XOR7,12#XOR12,8#XOR9,5#XOR2,0#LRO7,54#XOR1,20#XOR24,2#LRO18,62#LRO10,56#LRO3,6#XOR1,17#LRO0,56#XOR1,0#XOR3,13#XOR2,0#LRO2,11#LRO24,27#LRO1,55#XOR1,2#XOR16,21#XOR0,1#XOR0,15#XOR2,15#XOR16,6#
=================================================================

65	:
Fitness Score:	2.369138044728317
Bitchange:	0.077905558426556
Round Function:
XOR6,23#XOR0,1#XOR15,3#LRO13,11#XOR3,2#XOR3,0#LRO19,12#XOR0,2#XOR15,12#XOR16,3#LRO10,15#LRO0,2#LRO8,21#XOR1,2#XOR13,3#XOR0,16#XOR7,12#XOR12,8#XOR9,5#XOR2,0#LRO7,54#XOR1,20#XOR24,2#LRO18,62#LRO10,56#LRO3,6#XOR1,17#LRO0,56#XOR1,0#XOR3,13#XOR2,0#LRO2,11#LRO24,27#LRO1,55#XOR1,2#XOR16,21#XOR0,1#XOR0,15#XOR2,15#XOR16,6#
=================================================================

66	:
Fitness Score:	2.369138044728317
Bitchange:	0.077905558426556
Round Function:
XOR6,23#XOR0,1#XOR15,3#LRO13,11#XOR3,2#XOR3,0#LRO19,12#XOR0,2#XOR15,12#XOR16,3#LRO10,15#LRO0,2#LRO8,21#XOR1,2#XOR13,3#XOR0,16#LRO24,20#XOR12,8#XOR9,5#XOR2,0#LRO7,54#XOR1,20#XOR24,2#LRO18,62#LRO10,56#LRO3,6#XOR1,17#LRO0,56#XOR1,0#XOR3,13#XOR2,0#LRO2,11#LRO24,27#LRO1,55#XOR1,2#XOR16,21#XOR0,1#XOR0,15#XOR2,15#XOR16,6#
=================================================================

67	:
Fitness Score:	2.369138044728317
Bitchange:	0.077905558426556
Round Function:
XOR6,23#XOR0,1#XOR15,3#LRO13,11#XOR3,2#XOR3,0#LRO19,12#XOR0,2#XOR15,12#XOR16,3#LRO10,15#LRO0,2#LRO8,21#XOR1,2#XOR13,3#XOR0,16#LRO24,20#XOR12,8#XOR9,5#XOR2,0#LRO7,54#XOR1,20#XOR24,2#LRO18,62#LRO10,56#LRO3,6#XOR1,17#LRO0,56#XOR1,0#XOR3,13#XOR2,0#LRO2,11#LRO24,27#LRO1,55#XOR1,2#XOR16,21#XOR0,1#XOR0,15#XOR2,15#XOR16,6#
=================================================================

68	:
Fitness Score:	2.369138044728317
Bitchange:	0.077905558426556
Round Function:
XOR6,23#XOR0,1#XOR15,3#LRO13,11#XOR3,2#XOR3,0#LRO19,12#XOR0,2#XOR15,12#XOR16,3#LRO10,15#LRO0,2#LRO8,21#XOR1,2#XOR13,3#XOR0,16#XOR7,12#XOR12,8#XOR9,5#XOR2,0#LRO7,54#XOR1,20#XOR24,2#LRO18,62#LRO10,56#LRO3,6#XOR1,17#LRO0,56#XOR1,0#XOR3,13#XOR2,0#LRO2,11#LRO24,27#LRO1,55#XOR1,2#XOR16,21#XOR0,1#XOR0,15#XOR2,15#XOR16,6#
=================================================================

69	:
Fitness Score:	2.369138044728317
Bitchange:	0.077905558426556
Round Function:
XOR6,23#XOR0,1#XOR15,3#LRO13,11#XOR3,2#XOR3,0#LRO19,12#XOR0,2#XOR15,12#XOR16,3#LRO10,15#LRO0,2#LRO8,21#XOR1,2#XOR13,3#XOR0,16#LRO24,20#XOR12,8#XOR9,5#XOR2,0#LRO7,54#XOR1,20#XOR24,2#LRO18,62#LRO20,24#LRO3,6#XOR1,17#LRO0,56#XOR1,0#XOR3,13#XOR2,0#LRO2,11#LRO24,27#LRO1,55#XOR1,2#XOR16,21#XOR0,1#XOR0,15#XOR2,15#XOR16,6#
=================================================================

70	:
Fitness Score:	2.369138044728317
Bitchange:	0.077905558426556
Round Function:
XOR6,23#XOR0,1#XOR15,3#LRO13,11#XOR3,2#XOR3,0#LRO19,12#XOR0,2#XOR15,12#XOR16,3#LRO10,15#LRO0,2#LRO8,21#XOR1,2#XOR13,3#XOR0,16#LRO24,20#XOR12,8#XOR9,5#XOR2,0#LRO7,54#XOR1,20#XOR24,2#LRO18,62#LRO10,56#LRO3,6#XOR1,17#LRO0,56#XOR1,0#XOR3,13#XOR2,0#LRO2,11#LRO24,27#LRO1,55#XOR1,2#XOR16,21#XOR0,1#XOR0,15#XOR2,15#XOR16,6#
=================================================================

71	:
Fitness Score:	2.369138044728317
Bitchange:	0.077905558426556
Round Function:
XOR6,23#XOR0,1#XOR15,3#LRO13,11#XOR3,2#XOR3,0#LRO19,12#XOR0,2#XOR15,12#XOR16,3#LRO10,15#LRO0,2#LRO8,21#XOR1,2#XOR13,3#XOR0,16#LRO24,20#XOR12,8#XOR9,5#XOR2,0#LRO7,54#XOR1,20#XOR24,2#LRO18,62#LRO10,56#LRO3,6#XOR1,17#LRO0,56#XOR1,0#XOR3,13#XOR2,0#LRO2,11#LRO24,27#LRO1,55#XOR1,2#XOR16,21#XOR0,1#XOR0,15#XOR2,15#XOR16,6#
=================================================================

72	:
Fitness Score:	2.369138044728317
Bitchange:	0.077905558426556
Round Function:
XOR6,23#XOR0,1#XOR15,3#LRO13,11#XOR3,2#XOR3,0#LRO19,12#XOR0,2#XOR15,12#XOR16,3#LRO10,15#LRO0,2#LRO8,21#XOR1,2#XOR13,3#XOR0,16#XOR7,12#XOR12,8#XOR9,5#XOR2,0#LRO7,54#XOR1,20#XOR24,2#LRO18,62#LRO10,56#LRO3,6#XOR1,17#LRO0,56#XOR1,0#XOR3,13#XOR2,0#LRO2,11#LRO24,27#LRO1,55#XOR1,2#XOR16,21#XOR0,1#XOR0,15#XOR2,15#XOR16,6#
=================================================================

73	:
Fitness Score:	2.369138044728317
Bitchange:	0.077905558426556
Round Function:
XOR6,23#XOR0,1#XOR15,3#LRO13,11#XOR3,2#XOR3,0#LRO19,12#XOR0,2#XOR15,12#XOR16,3#LRO10,15#LRO0,2#LRO8,21#XOR1,2#XOR13,3#XOR0,16#LRO24,20#XOR12,8#XOR9,5#XOR2,0#LRO7,54#XOR1,20#XOR24,2#LRO18,62#LRO10,56#LRO3,6#XOR1,17#LRO0,56#XOR1,0#XOR3,13#XOR2,0#LRO2,11#LRO24,27#LRO1,55#XOR1,2#XOR16,21#XOR0,1#XOR0,15#XOR2,15#XOR16,6#
=================================================================

74	:
Fitness Score:	2.369138044728317
Bitchange:	0.077905558426556
Round Function:
XOR6,23#XOR0,1#XOR15,3#LRO13,11#XOR3,2#XOR3,0#LRO19,12#XOR0,2#XOR15,12#XOR16,3#LRO10,15#LRO0,2#LRO8,21#XOR1,2#XOR13,3#XOR0,16#LRO24,20#XOR12,8#XOR9,5#XOR2,0#LRO7,54#XOR1,20#XOR24,2#LRO18,62#LRO20,24#LRO3,6#XOR1,17#LRO0,56#XOR1,0#XOR3,13#XOR2,0#LRO2,11#LRO24,27#LRO1,55#XOR1,2#XOR16,21#XOR0,1#XOR0,15#XOR2,15#XOR16,6#
=================================================================

75	:
Fitness Score:	2.369138044728317
Bitchange:	0.077905558426556
Round Function:
XOR6,23#XOR0,1#XOR15,3#LRO13,11#XOR3,2#XOR3,0#LRO19,12#XOR0,2#XOR15,12#XOR16,3#LRO10,15#LRO0,2#LRO8,21#XOR1,2#XOR13,3#XOR0,16#LRO24,20#XOR12,8#XOR9,5#XOR2,0#LRO7,54#XOR1,20#XOR24,2#LRO18,62#LRO10,56#LRO3,6#XOR1,17#LRO0,56#XOR1,0#XOR3,13#XOR2,0#LRO2,11#LRO24,27#LRO1,55#XOR1,2#XOR16,21#XOR0,1#XOR0,15#XOR2,15#XOR16,6#
=================================================================

76	:
Fitness Score:	2.369138044728317
Bitchange:	0.077905558426556
Round Function:
XOR6,23#XOR0,1#XOR15,3#LRO13,11#XOR3,2#XOR3,0#LRO19,12#XOR0,2#XOR15,12#XOR16,3#LRO10,15#LRO0,2#LRO8,21#XOR1,2#XOR13,3#XOR0,16#LRO24,20#XOR12,8#XOR9,5#XOR2,0#LRO7,54#XOR1,20#XOR24,2#LRO18,62#LRO10,56#LRO3,6#XOR1,17#LRO0,56#XOR1,0#XOR3,13#XOR2,0#LRO2,11#LRO24,27#LRO1,55#XOR1,2#XOR16,21#XOR0,1#XOR0,15#XOR2,15#XOR16,6#
=================================================================

77	:
Fitness Score:	2.369138044728317
Bitchange:	0.077905558426556
Round Function:
XOR6,23#XOR0,1#XOR15,3#LRO13,11#XOR3,2#XOR3,0#LRO19,12#XOR0,2#XOR15,12#XOR16,3#LRO10,15#LRO0,2#LRO8,21#XOR1,2#XOR13,3#XOR0,16#LRO24,20#XOR12,8#XOR9,5#XOR2,0#LRO7,54#XOR1,20#XOR24,2#LRO18,62#LRO10,56#LRO3,6#XOR1,17#LRO0,56#XOR1,0#XOR3,13#XOR2,0#LRO2,11#LRO24,27#LRO1,55#XOR1,2#XOR16,21#XOR0,1#XOR0,15#XOR2,15#XOR16,6#
=================================================================

78	:
Fitness Score:	2.369138044728317
Bitchange:	0.077905558426556
Round Function:
XOR6,23#XOR0,1#XOR15,3#LRO13,11#XOR3,2#XOR3,0#LRO19,12#XOR0,2#XOR15,12#XOR16,3#LRO10,15#LRO0,2#LRO8,21#XOR1,2#XOR13,3#XOR0,16#LRO24,20#XOR12,8#XOR9,5#XOR2,0#LRO7,54#XOR1,20#XOR24,2#LRO18,62#LRO10,56#LRO3,6#XOR1,17#LRO0,56#XOR1,0#XOR3,13#XOR2,0#LRO2,11#LRO24,27#LRO1,55#XOR1,2#XOR16,21#XOR0,1#XOR0,15#XOR2,15#XOR16,6#
=================================================================

79	:
Fitness Score:	2.369138044728317
Bitchange:	0.077905558426556
Round Function:
XOR6,23#XOR0,1#XOR15,3#LRO13,11#XOR3,2#XOR3,0#LRO19,12#XOR0,2#XOR15,12#XOR16,3#LRO10,15#LRO0,2#LRO8,21#XOR1,2#XOR13,3#XOR0,16#LRO24,20#XOR12,8#XOR9,5#XOR2,0#LRO7,54#XOR1,20#XOR24,2#LRO18,62#LRO10,56#LRO3,6#XOR1,17#LRO0,56#XOR1,0#XOR3,13#XOR2,0#LRO2,11#LRO24,27#LRO1,55#XOR1,2#XOR16,21#XOR0,1#XOR0,15#XOR2,15#XOR16,6#
=================================================================

80	:
Fitness Score:	2.369138044728317
Bitchange:	0.077905558426556
Round Function:
XOR6,23#XOR0,1#XOR15,3#LRO13,11#XOR3,2#XOR3,0#LRO19,12#XOR0,2#XOR15,12#XOR16,3#LRO10,15#LRO0,2#LRO8,21#XOR1,2#XOR13,3#XOR0,16#XOR7,12#XOR12,8#XOR9,5#XOR2,0#LRO7,54#XOR1,20#XOR24,2#LRO18,62#LRO10,56#LRO3,6#XOR1,17#LRO0,56#XOR1,0#XOR3,13#XOR2,0#LRO2,11#LRO24,27#LRO1,55#XOR1,2#XOR16,21#XOR0,1#XOR0,15#XOR2,15#XOR16,6#
=================================================================

81	:
Fitness Score:	2.369138044728317
Bitchange:	0.077905558426556
Round Function:
XOR6,23#XOR0,1#XOR15,3#LRO13,11#XOR3,2#XOR3,0#LRO19,12#XOR0,2#XOR15,12#XOR16,3#LRO10,15#LRO0,2#LRO8,21#XOR1,2#XOR13,3#XOR0,16#LRO24,20#XOR12,8#XOR9,5#XOR2,0#LRO7,54#XOR1,20#XOR24,2#LRO18,62#LRO10,56#LRO3,6#XOR1,17#LRO0,56#XOR1,0#XOR3,13#XOR2,0#LRO2,11#LRO24,27#LRO1,55#XOR1,2#XOR16,21#XOR0,1#XOR0,15#XOR2,15#XOR16,6#
=================================================================

82	:
Fitness Score:	2.369138044728317
Bitchange:	0.077905558426556
Round Function:
XOR6,23#XOR0,1#XOR15,3#LRO13,11#XOR3,2#XOR3,0#LRO19,12#XOR0,2#XOR15,12#XOR16,3#LRO10,15#LRO0,2#LRO8,21#XOR1,2#XOR13,3#XOR0,16#LRO24,20#XOR12,8#XOR9,5#XOR2,0#LRO7,54#XOR1,20#XOR24,2#LRO18,62#LRO20,24#LRO3,6#XOR1,17#LRO0,56#XOR1,0#XOR3,13#XOR2,0#LRO2,11#LRO24,27#LRO1,55#XOR1,2#XOR16,21#XOR0,1#XOR0,15#XOR2,15#XOR16,6#
=================================================================

83	:
Fitness Score:	2.369138044728317
Bitchange:	0.077905558426556
Round Function:
XOR6,23#XOR0,1#XOR15,3#LRO13,11#XOR3,2#XOR3,0#LRO19,12#XOR0,2#XOR15,12#XOR16,3#LRO10,15#LRO0,2#LRO8,21#XOR1,2#XOR13,3#XOR0,16#XOR7,12#XOR12,8#XOR9,5#XOR2,0#LRO7,54#XOR1,20#XOR24,2#LRO18,62#LRO20,24#LRO3,6#XOR1,17#LRO0,56#XOR1,0#XOR3,13#XOR2,0#LRO2,11#LRO24,27#LRO1,55#XOR1,2#XOR16,21#XOR0,1#XOR0,15#XOR2,15#XOR16,6#
=================================================================

84	:
Fitness Score:	2.369138044728317
Bitchange:	0.077905558426556
Round Function:
XOR6,23#XOR0,1#XOR15,3#LRO13,11#XOR3,2#XOR3,0#LRO19,12#XOR0,2#XOR15,12#XOR16,3#LRO10,15#LRO0,2#LRO8,21#XOR1,2#XOR13,3#XOR0,16#LRO24,20#XOR12,8#XOR9,5#XOR2,0#LRO7,54#XOR1,20#XOR24,2#LRO18,62#LRO10,56#LRO3,6#XOR1,17#LRO0,56#XOR1,0#XOR3,13#XOR2,0#LRO2,11#LRO24,27#LRO1,55#XOR1,2#XOR16,21#XOR0,1#XOR0,15#XOR2,15#XOR16,6#
=================================================================

85	:
Fitness Score:	2.369138044728317
Bitchange:	0.077905558426556
Round Function:
XOR6,23#XOR0,1#XOR15,3#LRO13,11#XOR3,2#XOR3,0#LRO19,12#XOR0,2#XOR15,12#XOR16,3#LRO10,15#LRO0,2#LRO8,21#XOR1,2#XOR13,3#XOR0,16#LRO24,20#XOR12,8#XOR9,5#XOR2,0#LRO7,54#XOR1,20#XOR24,2#LRO18,62#LRO10,56#LRO3,6#XOR1,17#LRO0,56#XOR1,0#XOR3,13#XOR2,0#LRO2,11#LRO24,27#LRO1,55#XOR1,2#XOR16,21#XOR0,1#XOR0,15#XOR2,15#XOR16,6#
=================================================================

86	:
Fitness Score:	2.369138044728317
Bitchange:	0.077905558426556
Round Function:
XOR6,23#XOR0,1#XOR15,3#LRO13,11#XOR3,2#XOR3,0#LRO19,12#XOR0,2#XOR15,12#XOR16,3#LRO10,15#LRO0,2#LRO8,21#XOR1,2#XOR13,3#XOR0,16#LRO24,20#XOR12,8#XOR9,5#XOR2,0#LRO7,54#XOR1,20#XOR24,2#LRO18,62#LRO10,56#LRO3,6#XOR1,17#LRO0,56#XOR1,0#XOR3,13#XOR2,0#LRO2,11#LRO24,27#LRO1,55#XOR1,2#XOR16,21#XOR0,1#XOR0,15#XOR2,15#XOR16,6#
=================================================================

87	:
Fitness Score:	2.369138044728317
Bitchange:	0.077905558426556
Round Function:
XOR6,23#XOR0,1#XOR15,3#LRO13,11#XOR3,2#XOR3,0#LRO19,12#XOR0,2#XOR15,12#XOR16,3#LRO10,15#LRO0,2#LRO8,21#XOR1,2#XOR13,3#XOR0,16#XOR7,12#XOR12,8#XOR9,5#XOR2,0#LRO7,54#XOR1,20#XOR24,2#LRO18,62#LRO10,56#LRO3,6#XOR1,17#LRO0,56#XOR1,0#XOR3,13#XOR2,0#LRO2,11#LRO24,27#LRO1,55#XOR1,2#XOR16,21#XOR0,1#XOR0,15#XOR2,15#XOR16,6#
=================================================================

88	:
Fitness Score:	2.369138044728317
Bitchange:	0.077905558426556
Round Function:
XOR6,23#XOR0,1#XOR15,3#LRO13,11#XOR3,2#XOR3,0#LRO19,12#XOR0,2#XOR15,12#XOR16,3#LRO10,15#LRO0,2#LRO8,21#XOR1,2#XOR13,3#XOR0,16#LRO24,20#XOR12,8#XOR9,5#XOR2,0#LRO7,54#XOR1,20#XOR24,2#LRO18,62#LRO10,56#LRO3,6#XOR1,17#LRO0,56#XOR1,0#XOR3,13#XOR2,0#LRO2,11#LRO24,27#LRO1,55#XOR1,2#XOR16,21#XOR0,1#XOR0,15#XOR2,15#XOR16,6#
=================================================================

89	:
Fitness Score:	2.369138044728317
Bitchange:	0.077905558426556
Round Function:
XOR6,23#XOR0,1#XOR15,3#LRO13,11#XOR3,2#XOR3,0#LRO19,12#XOR0,2#XOR15,12#XOR16,3#LRO10,15#LRO0,2#LRO8,21#XOR1,2#XOR13,3#XOR0,16#LRO24,20#XOR12,8#XOR9,5#XOR2,0#LRO7,54#XOR1,20#XOR24,2#LRO18,62#LRO10,56#LRO3,6#XOR1,17#LRO0,56#XOR1,0#XOR3,13#XOR2,0#LRO2,11#LRO24,27#LRO1,55#XOR1,2#XOR16,21#XOR0,1#XOR0,15#XOR2,15#XOR16,6#
=================================================================

90	:
Fitness Score:	2.369138044728317
Bitchange:	0.077905558426556
Round Function:
XOR6,23#XOR0,1#XOR15,3#LRO13,11#XOR3,2#XOR3,0#LRO19,12#XOR0,2#XOR15,12#XOR16,3#LRO10,15#LRO0,2#LRO8,21#XOR1,2#XOR13,3#XOR0,16#XOR7,12#XOR12,8#XOR9,5#XOR2,0#LRO7,54#XOR1,20#XOR24,2#LRO18,62#LRO10,56#LRO3,6#XOR1,17#LRO0,56#XOR1,0#XOR3,13#XOR2,0#LRO2,11#LRO24,27#LRO1,55#XOR1,2#XOR16,21#XOR0,1#XOR0,15#XOR2,15#XOR16,6#
=================================================================

91	:
Fitness Score:	2.369138044728317
Bitchange:	0.077905558426556
Round Function:
XOR6,23#XOR0,1#XOR15,3#LRO13,11#XOR3,2#XOR3,0#LRO19,12#XOR0,2#XOR15,12#XOR16,3#LRO10,15#LRO0,2#LRO8,21#XOR1,2#XOR13,3#XOR0,16#LRO24,20#XOR12,8#XOR9,5#XOR2,0#LRO7,54#XOR1,20#XOR24,2#LRO18,62#LRO10,56#LRO3,6#XOR1,17#LRO0,56#XOR1,0#XOR3,13#XOR2,0#LRO2,11#LRO24,27#LRO1,55#XOR1,2#XOR16,21#XOR0,1#XOR0,15#XOR2,15#XOR16,6#
=================================================================

92	:
Fitness Score:	2.369138044728317
Bitchange:	0.077905558426556
Round Function:
XOR6,23#XOR0,1#XOR15,3#LRO13,11#XOR3,2#XOR3,0#LRO19,12#XOR0,2#XOR15,12#XOR16,3#LRO10,15#LRO0,2#LRO8,21#XOR1,2#XOR13,3#XOR0,16#LRO24,20#XOR12,8#XOR9,5#XOR2,0#LRO7,54#XOR1,20#XOR24,2#LRO18,62#LRO10,56#LRO3,6#XOR1,17#LRO0,56#XOR1,0#XOR3,13#XOR2,0#LRO2,11#LRO24,27#LRO1,55#XOR1,2#XOR16,21#XOR0,1#XOR0,15#XOR2,15#XOR16,6#
=================================================================

93	:
Fitness Score:	2.369138044728317
Bitchange:	0.077905558426556
Round Function:
XOR6,23#XOR0,1#XOR15,3#LRO13,11#XOR3,2#XOR3,0#LRO19,12#XOR0,2#XOR15,12#XOR16,3#LRO10,15#LRO0,2#LRO8,21#XOR1,2#XOR13,3#XOR0,16#LRO24,20#XOR12,8#XOR9,5#XOR2,0#LRO7,54#XOR1,20#XOR24,2#LRO18,62#LRO10,56#LRO3,6#XOR1,17#LRO0,56#XOR1,0#XOR3,13#XOR2,0#LRO2,11#LRO24,27#LRO1,55#XOR1,2#XOR16,21#XOR0,1#XOR0,15#XOR2,15#XOR16,6#
=================================================================

94	:
Fitness Score:	2.369138044728317
Bitchange:	0.077905558426556
Round Function:
XOR6,23#XOR0,1#XOR15,3#LRO13,11#XOR3,2#XOR3,0#LRO19,12#XOR0,2#XOR15,12#XOR16,3#LRO10,15#LRO0,2#LRO8,21#XOR1,2#XOR13,3#XOR0,16#LRO24,20#XOR12,8#XOR9,5#XOR2,0#LRO7,54#XOR1,20#XOR24,2#LRO18,62#LRO20,24#LRO3,6#XOR1,17#LRO0,56#XOR1,0#XOR3,13#XOR2,0#LRO2,11#LRO24,27#LRO1,55#XOR1,2#XOR16,21#XOR0,1#XOR0,15#XOR2,15#XOR16,6#
=================================================================

95	:
Fitness Score:	2.369138044728317
Bitchange:	0.077905558426556
Round Function:
XOR6,23#XOR0,1#XOR15,3#LRO13,11#XOR3,2#XOR3,0#LRO19,12#XOR0,2#XOR15,12#XOR16,3#LRO10,15#LRO0,2#LRO8,21#XOR1,2#XOR13,3#XOR0,16#LRO24,20#XOR12,8#XOR9,5#XOR2,0#LRO7,54#XOR1,20#XOR24,2#LRO18,62#LRO10,56#LRO3,6#XOR1,17#LRO0,56#XOR1,0#XOR3,13#XOR2,0#LRO2,11#LRO24,27#LRO1,55#XOR1,2#XOR16,21#XOR0,1#XOR0,15#XOR2,15#XOR16,6#
=================================================================

96	:
Fitness Score:	2.369138044728317
Bitchange:	0.077905558426556
Round Function:
XOR6,23#XOR0,1#XOR15,3#LRO13,11#XOR3,2#XOR3,0#LRO19,12#XOR0,2#XOR15,12#XOR16,3#LRO10,15#LRO0,2#LRO8,21#XOR1,2#XOR13,3#XOR0,16#LRO24,20#XOR12,8#XOR9,5#XOR2,0#LRO7,54#XOR1,20#XOR24,2#LRO18,62#LRO20,24#LRO3,6#XOR1,17#LRO0,56#XOR1,0#XOR3,13#XOR2,0#LRO2,11#LRO24,27#LRO1,55#XOR1,2#XOR16,21#XOR0,1#XOR0,15#XOR2,15#XOR16,6#
=================================================================

97	:
Fitness Score:	2.369138044728317
Bitchange:	0.077905558426556
Round Function:
XOR6,23#XOR0,1#XOR15,3#LRO13,11#XOR3,2#XOR3,0#LRO19,12#XOR0,2#XOR15,12#XOR16,3#LRO10,15#LRO0,2#LRO8,21#XOR1,2#XOR13,3#XOR0,16#LRO24,20#XOR12,8#XOR9,5#XOR2,0#LRO7,54#XOR1,20#XOR24,2#LRO18,62#LRO10,56#LRO3,6#XOR1,17#LRO0,56#XOR1,0#XOR3,13#XOR2,0#LRO2,11#LRO24,27#LRO1,55#XOR1,2#XOR16,21#XOR0,1#XOR0,15#XOR2,15#XOR16,6#
=================================================================

98	:
Fitness Score:	2.369138044728317
Bitchange:	0.077905558426556
Round Function:
XOR6,23#XOR0,1#XOR15,3#LRO13,11#XOR3,2#XOR3,0#LRO19,12#XOR0,2#XOR15,12#XOR16,3#LRO10,15#LRO0,2#LRO8,21#XOR1,2#XOR13,3#XOR0,16#LRO24,20#XOR12,8#XOR9,5#XOR2,0#LRO7,54#XOR1,20#XOR24,2#LRO18,62#LRO10,56#LRO3,6#XOR1,17#LRO0,56#XOR1,0#XOR3,13#XOR2,0#LRO2,11#LRO24,27#LRO1,55#XOR1,2#XOR16,21#XOR0,1#XOR0,15#XOR2,15#XOR16,6#
=================================================================

99	:
Fitness Score:	2.369138044728317
Bitchange:	0.077905558426556
Round Function:
XOR6,23#XOR0,1#XOR15,3#LRO13,11#XOR3,2#XOR3,0#LRO19,12#XOR0,2#XOR15,12#XOR16,3#LRO10,15#LRO0,2#LRO8,21#XOR1,2#XOR13,3#XOR0,16#LRO24,20#XOR12,8#XOR9,5#XOR2,0#LRO7,54#XOR1,20#XOR24,2#LRO18,62#LRO20,24#LRO3,6#XOR1,17#LRO0,56#XOR1,0#XOR3,13#XOR2,0#LRO2,11#LRO24,27#LRO1,55#XOR1,2#XOR16,21#XOR0,1#XOR0,15#XOR2,15#XOR16,6#
=================================================================

100	:
Fitness Score:	2.369138044728317
Bitchange:	0.077905558426556
Round Function:
XOR6,23#XOR0,1#XOR15,3#LRO13,11#XOR3,2#XOR3,0#LRO19,12#XOR0,2#XOR15,12#XOR16,3#LRO10,15#LRO0,2#LRO8,21#XOR1,2#XOR13,3#XOR0,16#LRO24,20#XOR12,8#XOR9,5#XOR2,0#LRO7,54#XOR1,20#XOR24,2#LRO18,62#LRO10,56#LRO3,6#XOR1,17#LRO0,56#XOR1,0#XOR3,13#XOR2,0#LRO2,11#LRO24,27#LRO1,55#XOR1,2#XOR16,21#XOR0,1#XOR0,15#XOR2,15#XOR16,6#
=================================================================

101	:
Fitness Score:	2.369138044728317
Bitchange:	0.077905558426556
Round Function:
XOR6,23#XOR0,1#XOR15,3#LRO13,11#XOR3,2#XOR3,0#LRO19,12#XOR0,2#XOR15,12#XOR16,3#LRO10,15#LRO0,2#LRO8,21#XOR1,2#XOR13,3#XOR0,16#LRO24,20#XOR12,8#XOR9,5#XOR2,0#LRO7,54#XOR1,20#XOR24,2#LRO18,62#LRO20,24#LRO3,6#XOR1,17#LRO0,56#XOR1,0#XOR3,13#XOR2,0#LRO2,11#LRO24,27#LRO1,55#XOR1,2#XOR16,21#XOR0,1#XOR0,15#XOR2,15#XOR16,6#
=================================================================

102	:
Fitness Score:	2.369138044728317
Bitchange:	0.077905558426556
Round Function:
XOR6,23#XOR0,1#XOR15,3#LRO13,11#XOR3,2#XOR3,0#LRO19,12#XOR0,2#XOR15,12#XOR16,3#LRO10,15#LRO0,2#LRO8,21#XOR1,2#XOR13,3#XOR0,16#LRO24,20#XOR12,8#XOR9,5#XOR2,0#LRO7,54#XOR1,20#XOR24,2#LRO18,62#LRO10,56#LRO3,6#XOR1,17#LRO0,56#XOR1,0#XOR3,13#XOR2,0#LRO2,11#LRO24,27#LRO1,55#XOR1,2#XOR16,21#XOR0,1#XOR0,15#XOR2,15#XOR16,6#
=================================================================

103	:
Fitness Score:	2.369138044728317
Bitchange:	0.077905558426556
Round Function:
XOR6,23#XOR0,1#XOR15,3#LRO13,11#XOR3,2#XOR3,0#LRO19,12#XOR0,2#XOR15,12#XOR16,3#LRO10,15#LRO0,2#LRO8,21#XOR1,2#XOR13,3#XOR0,16#LRO24,20#XOR12,8#XOR9,5#XOR2,0#LRO7,54#XOR1,20#XOR24,2#LRO18,62#LRO20,24#LRO3,6#XOR1,17#LRO0,56#XOR1,0#XOR3,13#XOR2,0#LRO2,11#LRO24,27#LRO1,55#XOR1,2#XOR16,21#XOR0,1#XOR0,15#XOR2,15#XOR16,6#
=================================================================

104	:
Fitness Score:	2.369138044728317
Bitchange:	0.077905558426556
Round Function:
XOR6,23#XOR0,1#XOR15,3#LRO13,11#XOR3,2#XOR3,0#LRO19,12#XOR0,2#XOR15,12#XOR16,3#LRO10,15#LRO0,2#LRO8,21#XOR1,2#XOR13,3#XOR0,16#XOR7,12#XOR12,8#XOR9,5#XOR2,0#LRO7,54#XOR1,20#XOR24,2#LRO18,62#LRO10,56#LRO3,6#XOR1,17#LRO0,56#XOR1,0#XOR3,13#XOR2,0#LRO2,11#LRO24,27#LRO1,55#XOR1,2#XOR16,21#XOR0,1#XOR0,15#XOR2,15#XOR16,6#
=================================================================

105	:
Fitness Score:	2.369138044728317
Bitchange:	0.077905558426556
Round Function:
XOR6,23#XOR0,1#XOR15,3#LRO13,11#XOR3,2#XOR3,0#LRO19,12#XOR0,2#XOR15,12#XOR16,3#LRO10,15#LRO0,2#LRO8,21#XOR1,2#XOR13,3#XOR0,16#XOR7,12#XOR12,8#XOR9,5#XOR2,0#LRO7,54#XOR1,20#XOR24,2#LRO18,62#LRO10,56#LRO3,6#XOR1,17#LRO0,56#XOR1,0#XOR3,13#XOR2,0#LRO2,11#LRO24,27#LRO1,55#XOR1,2#XOR16,21#XOR0,1#XOR0,15#XOR2,15#XOR16,6#
=================================================================

106	:
Fitness Score:	2.369138044728317
Bitchange:	0.077905558426556
Round Function:
XOR6,23#XOR0,1#XOR15,3#LRO13,11#XOR3,2#XOR3,0#LRO19,12#XOR0,2#XOR15,12#XOR16,3#LRO10,15#LRO0,2#LRO8,21#XOR1,2#XOR13,3#XOR0,16#LRO24,20#XOR12,8#XOR9,5#XOR2,0#LRO7,54#XOR1,20#XOR24,2#LRO18,62#LRO10,56#LRO3,6#XOR1,17#LRO0,56#XOR1,0#XOR3,13#XOR2,0#LRO2,11#LRO24,27#LRO1,55#XOR1,2#XOR16,21#XOR0,1#XOR0,15#XOR2,15#XOR16,6#
=================================================================

107	:
Fitness Score:	2.369138044728317
Bitchange:	0.077905558426556
Round Function:
XOR6,23#XOR0,1#XOR15,3#LRO13,11#XOR3,2#XOR3,0#LRO19,12#XOR0,2#XOR15,12#XOR16,3#LRO10,15#LRO0,2#LRO8,21#XOR1,2#XOR13,3#XOR0,16#LRO24,20#XOR12,8#XOR9,5#XOR2,0#LRO7,54#XOR1,20#XOR24,2#LRO18,62#LRO20,24#LRO3,6#XOR1,17#LRO0,56#XOR1,0#XOR3,13#XOR2,0#LRO2,11#LRO24,27#LRO1,55#XOR1,2#XOR16,21#XOR0,1#XOR0,15#XOR2,15#XOR16,6#
=================================================================

108	:
Fitness Score:	2.369138044728317
Bitchange:	0.077905558426556
Round Function:
XOR6,23#XOR0,1#XOR15,3#LRO13,11#XOR3,2#XOR3,0#LRO19,12#XOR0,2#XOR15,12#XOR16,3#LRO10,15#LRO0,2#LRO8,21#XOR1,2#XOR13,3#XOR0,16#LRO24,20#XOR12,8#XOR9,5#XOR2,0#LRO7,54#XOR1,20#XOR24,2#LRO18,62#LRO10,56#LRO3,6#XOR1,17#LRO0,56#XOR1,0#XOR3,13#XOR2,0#LRO2,11#LRO24,27#LRO1,55#XOR1,2#XOR16,21#XOR0,1#XOR0,15#XOR2,15#XOR16,6#
=================================================================

109	:
Fitness Score:	2.369138044728317
Bitchange:	0.077905558426556
Round Function:
XOR6,23#XOR0,1#XOR15,3#LRO13,11#XOR3,2#XOR3,0#LRO19,12#XOR0,2#XOR15,12#XOR16,3#LRO10,15#LRO0,2#LRO8,21#XOR1,2#XOR13,3#XOR0,16#LRO24,20#XOR12,8#XOR9,5#XOR2,0#LRO7,54#XOR1,20#XOR24,2#LRO18,62#LRO10,56#LRO3,6#XOR1,17#LRO0,56#XOR1,0#XOR3,13#XOR2,0#LRO2,11#LRO24,27#LRO1,55#XOR1,2#XOR16,21#XOR0,1#XOR0,15#XOR2,15#XOR16,6#
=================================================================

110	:
Fitness Score:	2.369138044728317
Bitchange:	0.077905558426556
Round Function:
XOR6,23#XOR0,1#XOR15,3#LRO13,11#XOR3,2#XOR3,0#LRO19,12#XOR0,2#XOR15,12#XOR16,3#LRO10,15#LRO0,2#LRO8,21#XOR1,2#XOR13,3#XOR0,16#LRO24,20#XOR12,8#XOR9,5#XOR2,0#LRO7,54#XOR1,20#XOR24,2#LRO18,62#LRO10,56#LRO3,6#XOR1,17#LRO0,56#XOR1,0#XOR3,13#XOR2,0#LRO2,11#LRO24,27#LRO1,55#XOR1,2#XOR16,21#XOR0,1#XOR0,15#XOR2,15#XOR16,6#
=================================================================

111	:
Fitness Score:	2.369138044728317
Bitchange:	0.077905558426556
Round Function:
XOR6,23#XOR0,1#XOR15,3#LRO13,11#XOR3,2#XOR3,0#LRO19,12#XOR0,2#XOR15,12#XOR16,3#LRO10,15#LRO0,2#LRO8,21#XOR1,2#XOR13,3#XOR0,16#XOR7,12#XOR12,8#XOR9,5#XOR2,0#LRO7,54#XOR1,20#XOR24,2#LRO18,62#LRO20,24#LRO3,6#XOR1,17#LRO0,56#XOR1,0#XOR3,13#XOR2,0#LRO2,11#LRO24,27#LRO1,55#XOR1,2#XOR16,21#XOR0,1#XOR0,15#XOR2,15#XOR16,6#
=================================================================

112	:
Fitness Score:	2.369138044728317
Bitchange:	0.077905558426556
Round Function:
XOR6,23#XOR0,1#XOR15,3#LRO13,11#XOR3,2#XOR3,0#LRO19,12#XOR0,2#XOR15,12#XOR16,3#LRO10,15#LRO0,2#LRO8,21#XOR1,2#XOR13,3#XOR0,16#LRO24,20#XOR12,8#XOR9,5#XOR2,0#LRO7,54#XOR1,20#XOR24,2#LRO18,62#LRO20,24#LRO3,6#XOR1,17#LRO0,56#XOR1,0#XOR3,13#XOR2,0#LRO2,11#LRO24,27#LRO1,55#XOR1,2#XOR16,21#XOR0,1#XOR0,15#XOR2,15#XOR16,6#
=================================================================

113	:
Fitness Score:	2.369138044728317
Bitchange:	0.077905558426556
Round Function:
XOR6,23#XOR0,1#XOR15,3#LRO13,11#XOR3,2#XOR3,0#LRO19,12#XOR0,2#XOR15,12#XOR16,3#LRO10,15#LRO0,2#LRO8,21#XOR1,2#XOR13,3#XOR0,16#LRO24,20#XOR12,8#XOR9,5#XOR2,0#LRO7,54#XOR1,20#XOR24,2#LRO18,62#LRO10,56#LRO3,6#XOR1,17#LRO0,56#XOR1,0#XOR3,13#XOR2,0#LRO2,11#LRO24,27#LRO1,55#XOR1,2#XOR16,21#XOR0,1#XOR0,15#XOR2,15#XOR16,6#
=================================================================

114	:
Fitness Score:	2.369138044728317
Bitchange:	0.077905558426556
Round Function:
XOR6,23#XOR0,1#XOR15,3#LRO13,11#XOR3,2#XOR3,0#LRO19,12#XOR0,2#XOR15,12#XOR16,3#LRO10,15#LRO0,2#LRO8,21#XOR1,2#XOR13,3#XOR0,16#LRO24,20#XOR12,8#XOR9,5#XOR2,0#LRO7,54#XOR1,20#XOR24,2#LRO18,62#LRO10,56#LRO3,6#XOR1,17#LRO0,56#XOR1,0#XOR3,13#XOR2,0#LRO2,11#LRO24,27#LRO1,55#XOR1,2#XOR16,21#XOR0,1#XOR0,15#XOR2,15#XOR16,6#
=================================================================

115	:
Fitness Score:	2.369138044728317
Bitchange:	0.077905558426556
Round Function:
XOR6,23#XOR0,1#XOR15,3#LRO13,11#XOR3,2#XOR3,0#LRO19,12#XOR0,2#XOR15,12#XOR16,3#LRO10,15#LRO0,2#LRO8,21#XOR1,2#XOR13,3#XOR0,16#XOR7,12#XOR12,8#XOR9,5#XOR2,0#LRO7,54#XOR1,20#XOR24,2#LRO18,62#LRO10,56#LRO3,6#XOR1,17#LRO0,56#XOR1,0#XOR3,13#XOR2,0#LRO2,11#LRO24,27#LRO1,55#XOR1,2#XOR16,21#XOR0,1#XOR0,15#XOR2,15#XOR16,6#
=================================================================

116	:
Fitness Score:	2.369138044728317
Bitchange:	0.077905558426556
Round Function:
XOR6,23#XOR0,1#XOR15,3#LRO13,11#XOR3,2#XOR3,0#LRO19,12#XOR0,2#XOR15,12#XOR16,3#LRO10,15#LRO0,2#LRO8,21#XOR1,2#XOR13,3#XOR0,16#LRO24,20#XOR12,8#XOR9,5#XOR2,0#LRO7,54#XOR1,20#XOR24,2#LRO18,62#LRO10,56#LRO3,6#XOR1,17#LRO0,56#XOR1,0#XOR3,13#XOR2,0#LRO2,11#LRO24,27#LRO1,55#XOR1,2#XOR16,21#XOR0,1#XOR0,15#XOR2,15#XOR16,6#
=================================================================

117	:
Fitness Score:	2.369138044728317
Bitchange:	0.077905558426556
Round Function:
XOR6,23#XOR0,1#XOR15,3#LRO13,11#XOR3,2#XOR3,0#LRO19,12#XOR0,2#XOR15,12#XOR16,3#LRO10,15#LRO0,2#LRO8,21#XOR1,2#XOR13,3#XOR0,16#LRO24,20#XOR12,8#XOR9,5#XOR2,0#LRO7,54#XOR1,20#XOR24,2#LRO18,62#LRO10,56#LRO3,6#XOR1,17#LRO0,56#XOR1,0#XOR3,13#XOR2,0#LRO2,11#LRO24,27#LRO1,55#XOR1,2#XOR16,21#XOR0,1#XOR0,15#XOR2,15#XOR16,6#
=================================================================

118	:
Fitness Score:	2.369138044728317
Bitchange:	0.077905558426556
Round Function:
XOR6,23#XOR0,1#XOR15,3#LRO13,11#XOR3,2#XOR3,0#LRO19,12#XOR0,2#XOR15,12#XOR16,3#LRO10,15#LRO0,2#LRO8,21#XOR1,2#XOR13,3#XOR0,16#LRO24,20#XOR12,8#XOR9,5#XOR2,0#LRO7,54#XOR1,20#XOR24,2#LRO18,62#LRO10,56#LRO3,6#XOR1,17#LRO0,56#XOR1,0#XOR3,13#XOR2,0#LRO2,11#LRO24,27#LRO1,55#XOR1,2#XOR16,21#XOR0,1#XOR0,15#XOR2,15#XOR16,6#
=================================================================

119	:
Fitness Score:	2.369138044728317
Bitchange:	0.077905558426556
Round Function:
XOR6,23#XOR0,1#XOR15,3#LRO13,11#XOR3,2#XOR3,0#LRO19,12#XOR0,2#XOR15,12#XOR16,3#LRO10,15#LRO0,2#LRO8,21#XOR1,2#XOR13,3#XOR0,16#LRO24,20#XOR12,8#XOR9,5#XOR2,0#LRO7,54#XOR1,20#XOR24,2#LRO18,62#LRO10,56#LRO3,6#XOR1,17#LRO0,56#XOR1,0#XOR3,13#XOR2,0#LRO2,11#LRO24,27#LRO1,55#XOR1,2#XOR16,21#XOR0,1#XOR0,15#XOR2,15#XOR16,6#
=================================================================

120	:
Fitness Score:	2.369138044728317
Bitchange:	0.077905558426556
Round Function:
XOR6,23#XOR0,1#XOR15,3#LRO13,11#XOR3,2#XOR3,0#LRO19,12#XOR0,2#XOR15,12#XOR16,3#LRO10,15#LRO0,2#LRO8,21#XOR1,2#XOR13,3#XOR0,16#LRO24,20#XOR12,8#XOR9,5#XOR2,0#LRO7,54#XOR1,20#XOR24,2#LRO18,62#LRO20,24#LRO3,6#XOR1,17#LRO0,56#XOR1,0#XOR3,13#XOR2,0#LRO2,11#LRO24,27#LRO1,55#XOR1,2#XOR16,21#XOR0,1#XOR0,15#XOR2,15#XOR16,6#
=================================================================

121	:
Fitness Score:	2.369138044728317
Bitchange:	0.077905558426556
Round Function:
XOR6,23#XOR0,1#XOR15,3#LRO13,11#XOR3,2#XOR3,0#LRO19,12#XOR0,2#XOR15,12#XOR16,3#LRO10,15#LRO0,2#LRO8,21#XOR1,2#XOR13,3#XOR0,16#LRO24,20#XOR12,8#XOR9,5#XOR2,0#LRO7,54#XOR1,20#XOR24,2#LRO18,62#LRO10,56#LRO3,6#XOR1,17#LRO0,56#XOR1,0#XOR3,13#XOR2,0#LRO2,11#LRO24,27#LRO1,55#XOR1,2#XOR16,21#XOR0,1#XOR0,15#XOR2,15#XOR16,6#
=================================================================

122	:
Fitness Score:	2.369138044728317
Bitchange:	0.077905558426556
Round Function:
XOR6,23#XOR0,1#XOR15,3#LRO13,11#XOR3,2#XOR3,0#LRO19,12#XOR0,2#XOR15,12#XOR16,3#LRO10,15#LRO0,2#LRO8,21#XOR1,2#XOR13,3#XOR0,16#LRO24,20#XOR12,8#XOR9,5#XOR2,0#LRO7,54#XOR1,20#XOR24,2#LRO18,62#LRO20,24#LRO3,6#XOR1,17#LRO0,56#XOR1,0#XOR3,13#XOR2,0#LRO2,11#LRO24,27#LRO1,55#XOR1,2#XOR16,21#XOR0,1#XOR0,15#XOR2,15#XOR16,6#
=================================================================

123	:
Fitness Score:	2.369138044728317
Bitchange:	0.077905558426556
Round Function:
XOR6,23#XOR0,1#XOR15,3#LRO13,11#XOR3,2#XOR3,0#LRO19,12#XOR0,2#XOR15,12#XOR16,3#LRO10,15#LRO0,2#LRO8,21#XOR1,2#XOR13,3#XOR0,16#LRO24,20#XOR12,8#XOR9,5#XOR2,0#LRO7,54#XOR1,20#XOR24,2#LRO18,62#LRO10,56#LRO3,6#XOR1,17#LRO0,56#XOR1,0#XOR3,13#XOR2,0#LRO2,11#LRO24,27#LRO1,55#XOR1,2#XOR16,21#XOR0,1#XOR0,15#XOR2,15#XOR16,6#
=================================================================

124	:
Fitness Score:	2.369138044728317
Bitchange:	0.077905558426556
Round Function:
XOR6,23#XOR0,1#XOR15,3#LRO13,11#XOR3,2#XOR3,0#LRO19,12#XOR0,2#XOR15,12#XOR16,3#LRO10,15#LRO0,2#LRO8,21#XOR1,2#XOR13,3#XOR0,16#LRO24,20#XOR12,8#XOR9,5#XOR2,0#LRO7,54#XOR1,20#XOR24,2#LRO18,62#LRO10,56#LRO3,6#XOR1,17#LRO0,56#XOR1,0#XOR3,13#XOR2,0#LRO2,11#LRO24,27#LRO1,55#XOR1,2#XOR16,21#XOR0,1#XOR0,15#XOR2,15#XOR16,6#
=================================================================

125	:
Fitness Score:	2.369138044728317
Bitchange:	0.077905558426556
Round Function:
XOR6,23#XOR0,1#XOR15,3#LRO13,11#XOR3,2#XOR3,0#LRO19,12#XOR0,2#XOR15,12#XOR16,3#LRO10,15#LRO0,2#LRO8,21#XOR1,2#XOR13,3#XOR0,16#LRO24,20#XOR12,8#XOR9,5#XOR2,0#LRO7,54#XOR1,20#XOR24,2#LRO18,62#LRO20,24#LRO3,6#XOR1,17#LRO0,56#XOR1,0#XOR3,13#XOR2,0#LRO2,11#LRO24,27#LRO1,55#XOR1,2#XOR16,21#XOR0,1#XOR0,15#XOR2,15#XOR16,6#
=================================================================

126	:
Fitness Score:	2.369138044728317
Bitchange:	0.077905558426556
Round Function:
XOR6,23#XOR0,1#XOR15,3#LRO13,11#XOR3,2#XOR3,0#LRO19,12#XOR0,2#XOR15,12#XOR16,3#LRO10,15#LRO0,2#LRO8,21#XOR1,2#XOR13,3#XOR0,16#LRO24,20#XOR12,8#XOR9,5#XOR2,0#LRO7,54#XOR1,20#XOR24,2#LRO18,62#LRO10,56#LRO3,6#XOR1,17#LRO0,56#XOR1,0#XOR3,13#XOR2,0#LRO2,11#LRO24,27#LRO1,55#XOR1,2#XOR16,21#XOR0,1#XOR0,15#XOR2,15#XOR16,6#
=================================================================

127	:
Fitness Score:	2.369138044728317
Bitchange:	0.077905558426556
Round Function:
XOR6,23#XOR0,1#XOR15,3#LRO13,11#XOR3,2#XOR3,0#LRO19,12#XOR0,2#XOR15,12#XOR16,3#LRO10,15#LRO0,2#LRO8,21#XOR1,2#XOR13,3#XOR0,16#XOR7,12#XOR12,8#XOR9,5#XOR2,0#LRO7,54#XOR1,20#XOR24,2#LRO18,62#LRO20,24#LRO3,6#XOR1,17#LRO0,56#XOR1,0#XOR3,13#XOR2,0#LRO2,11#LRO24,27#LRO1,55#XOR1,2#XOR16,21#XOR0,1#XOR0,15#XOR2,15#XOR16,6#
=================================================================

