Parameters:
popSize: 128
messageCount: 8192
messageLength: 4
funcCount: 40
stateSize: 1600
rate: 256
capacity: 1344
populationDieOffPercent: 0.5
mutationChance: 0.7
preserveTopNIndividuals: 2
generationCount: 100
0	:
Fitness Score:	2.0
Bitchange:	0.0
Round Function:
XOR9,9#XOR16,16#LRO18,12#XOR2,2#LRO0,35#XOR20,20#LRO20,39#LRO9,33#XOR9,9#XOR4,4#XOR1,1#XOR11,11#XOR17,17#XOR0,0#LRO0,21#LRO14,21#LRO12,28#XOR14,14#XOR18,18#LRO7,61#XOR4,4#XOR24,24#XOR7,7#XOR20,20#LRO5,33#XOR11,11#LRO24,63#XOR13,13#LRO12,56#LRO23,45#LRO22,58#LRO1,15#LRO23,50#LRO13,0#XOR7,7#LRO18,61#LRO3,46#LRO9,22#LRO6,19#XOR3,3#
=================================================================

1	:
Fitness Score:	2.0
Bitchange:	0.0
Round Function:
XOR20,20#XOR4,4#XOR14,14#XOR19,19#XOR1,1#LRO15,4#LRO15,4#LRO12,11#LRO15,50#LRO17,61#LRO9,20#LRO11,27#XOR24,24#LRO21,40#LRO12,15#LRO23,40#XOR17,17#XOR22,22#XOR6,6#XOR12,12#XOR8,8#LRO17,44#XOR19,19#LRO13,59#LRO19,25#XOR7,7#XOR16,16#LRO4,23#XOR0,0#XOR4,4#LRO15,11#LRO0,13#XOR17,17#LRO15,54#XOR17,17#XOR2,2#XOR23,23#XOR7,7#LRO9,54#XOR3,3#
=================================================================

2	:
Fitness Score:	2.0
Bitchange:	0.0
Round Function:
LRO10,57#LRO4,10#XOR7,7#XOR1,1#XOR7,7#LRO18,23#XOR9,9#LRO24,35#LRO20,36#XOR7,7#XOR21,21#LRO12,61#XOR3,3#LRO13,11#LRO18,10#LRO19,13#LRO20,8#LRO3,52#LRO1,54#XOR3,3#XOR22,22#LRO11,53#XOR2,2#LRO9,53#XOR0,0#LRO18,53#XOR0,0#XOR20,20#LRO24,15#LRO16,11#XOR24,24#XOR21,21#XOR22,22#XOR17,17#XOR19,19#LRO21,41#LRO17,54#XOR24,24#XOR18,18#XOR11,11#
=================================================================

3	:
Fitness Score:	2.0
Bitchange:	0.0
Round Function:
XOR17,17#LRO23,16#XOR2,2#LRO3,16#XOR3,3#LRO3,13#LRO17,2#LRO2,24#LRO7,56#XOR4,4#XOR15,15#XOR19,19#XOR21,21#XOR1,1#XOR11,11#LRO11,5#LRO6,7#XOR23,23#LRO7,9#XOR12,12#LRO7,15#LRO12,33#LRO13,36#XOR19,19#XOR0,0#LRO21,13#LRO19,55#LRO17,48#XOR15,15#XOR16,16#XOR24,24#XOR2,2#XOR6,6#XOR19,19#XOR21,21#LRO8,55#LRO13,54#XOR21,21#LRO12,31#LRO6,63#
=================================================================

4	:
Fitness Score:	2.0
Bitchange:	0.0
Round Function:
LRO23,28#XOR3,3#XOR0,0#XOR18,18#XOR9,9#LRO8,37#LRO20,16#LRO14,33#LRO24,46#XOR2,2#XOR10,10#XOR6,6#LRO21,43#LRO6,11#LRO10,41#LRO20,6#LRO20,2#LRO21,0#LRO3,8#LRO15,17#XOR10,10#LRO18,19#LRO22,10#LRO21,14#XOR12,12#XOR9,9#XOR17,17#XOR1,1#LRO13,25#XOR8,8#LRO2,60#XOR13,13#XOR1,1#XOR12,12#XOR15,15#LRO8,44#LRO8,61#LRO9,24#XOR19,19#LRO8,9#
=================================================================

5	:
Fitness Score:	2.0041332659369195
Bitchange:	0.0010311854024805413
Round Function:
XOR10,10#LRO12,50#LRO0,14#XOR24,24#LRO21,1#XOR17,17#XOR0,0#LRO1,48#LRO16,54#LRO3,47#XOR3,3#XOR18,18#LRO24,24#LRO15,12#XOR12,12#LRO22,46#XOR17,17#XOR9,9#XOR8,8#XOR7,7#XOR24,24#LRO14,24#XOR0,0#LRO16,43#LRO23,31#LRO18,42#XOR6,6#LRO22,1#LRO14,14#LRO20,37#LRO11,11#LRO7,54#XOR3,3#XOR15,15#XOR11,11#LRO3,36#XOR2,2#LRO11,59#XOR3,3#LRO1,5#
=================================================================

6	:
Fitness Score:	2.0041733302871068
Bitchange:	0.0010411600194552494
Round Function:
LRO20,16#LRO0,29#LRO24,55#LRO23,50#LRO9,27#XOR20,20#XOR23,23#LRO16,49#XOR13,13#XOR7,7#XOR2,2#XOR0,0#XOR20,20#XOR3,3#XOR21,21#LRO22,22#LRO20,44#XOR24,24#LRO6,22#LRO2,45#XOR11,11#XOR8,8#XOR20,20#LRO3,55#LRO7,39#XOR12,12#LRO11,12#LRO18,29#LRO13,61#XOR8,8#LRO19,62#XOR10,10#XOR19,19#LRO3,56#XOR13,13#XOR19,19#LRO11,46#LRO20,40#LRO8,27#LRO0,16#
=================================================================

7	:
Fitness Score:	2.0041733302871068
Bitchange:	0.0010411600194552494
Round Function:
XOR20,20#LRO13,55#XOR20,20#XOR4,4#XOR7,7#LRO21,33#XOR12,12#LRO22,56#XOR9,9#LRO7,25#LRO23,30#LRO2,4#LRO8,59#LRO6,16#XOR22,22#LRO12,24#XOR19,19#LRO12,41#LRO12,53#LRO6,24#XOR2,2#XOR8,8#LRO13,10#XOR19,19#XOR3,3#LRO12,9#LRO2,41#XOR13,13#XOR11,11#LRO22,11#XOR4,4#LRO18,42#XOR15,15#LRO8,25#LRO5,18#XOR19,19#LRO15,39#XOR0,0#LRO18,27#XOR6,6#
=================================================================

8	:
Fitness Score:	2.0041733302871068
Bitchange:	0.0010411600194552494
Round Function:
LRO7,63#XOR3,3#LRO24,6#LRO14,27#XOR12,12#XOR14,14#XOR17,17#LRO8,17#LRO9,60#XOR18,18#LRO24,55#XOR2,2#LRO14,54#LRO2,42#XOR12,12#XOR3,3#LRO11,14#XOR23,23#XOR17,17#XOR7,7#XOR24,24#XOR0,0#XOR0,0#LRO6,8#LRO21,17#LRO19,7#XOR18,18#LRO21,27#LRO5,46#XOR14,14#XOR12,12#XOR10,10#XOR0,0#XOR18,18#LRO3,3#LRO8,39#XOR4,4#XOR12,12#LRO20,22#LRO12,46#
=================================================================

9	:
Fitness Score:	2.004192409112112
Bitchange:	0.0010459098370622533
Round Function:
LRO8,47#LRO6,2#XOR0,0#LRO16,1#LRO0,24#XOR18,18#XOR7,7#XOR24,24#XOR14,14#XOR16,16#LRO1,53#LRO21,54#XOR12,12#LRO3,18#LRO24,10#LRO19,15#LRO1,9#XOR24,24#XOR15,15#XOR3,3#LRO22,57#XOR7,7#LRO10,44#LRO12,52#XOR13,13#XOR9,9#XOR5,5#XOR14,14#LRO8,23#XOR13,13#XOR6,6#LRO6,8#LRO13,40#XOR4,4#LRO19,44#LRO22,58#XOR2,2#XOR14,14#XOR12,12#XOR22,22#
=================================================================

10	:
Fitness Score:	2.0042725441439107
Bitchange:	0.0010658590710116696
Round Function:
XOR16,16#LRO0,19#LRO4,5#LRO17,9#LRO1,25#XOR7,7#LRO19,20#XOR2,2#XOR7,7#XOR21,21#XOR17,17#LRO1,18#XOR13,13#XOR7,7#LRO19,44#LRO17,3#XOR16,16#LRO23,63#LRO5,58#XOR17,17#XOR15,15#XOR13,13#XOR2,2#LRO9,41#XOR0,0#LRO2,23#XOR7,7#XOR10,10#LRO24,47#LRO15,25#XOR3,3#LRO15,56#XOR14,14#XOR13,13#LRO15,33#XOR15,15#XOR22,22#LRO18,49#LRO14,16#LRO9,40#
=================================================================

11	:
Fitness Score:	2.0043240629055
Bitchange:	0.00107868357855058
Round Function:
LRO3,2#LRO8,54#XOR10,10#LRO19,62#XOR24,24#LRO10,46#XOR0,0#LRO17,11#XOR17,17#XOR2,2#LRO11,39#XOR5,5#XOR17,17#XOR15,15#LRO19,17#XOR20,20#LRO14,17#XOR24,24#LRO24,41#LRO6,26#LRO11,35#LRO7,15#XOR20,20#XOR7,7#LRO16,60#LRO16,25#LRO14,4#XOR2,2#XOR7,7#LRO6,61#XOR8,8#LRO20,45#LRO10,15#LRO6,43#LRO1,12#XOR12,12#LRO8,39#XOR1,1#LRO10,14#LRO16,11#
=================================================================

12	:
Fitness Score:	2.004337420053808
Bitchange:	0.0010820084508754828
Round Function:
XOR12,12#XOR15,15#XOR8,8#XOR8,8#LRO20,33#LRO12,45#LRO2,63#LRO2,49#XOR17,17#XOR11,11#LRO2,63#LRO0,39#LRO10,40#XOR0,0#LRO0,37#LRO17,18#XOR16,16#LRO9,40#LRO1,18#LRO5,59#XOR19,19#XOR22,22#XOR3,3#XOR11,11#LRO8,20#LRO19,16#LRO5,50#LRO16,12#LRO5,25#LRO6,44#LRO14,44#XOR8,8#XOR9,9#XOR9,9#XOR20,20#XOR23,23#XOR1,1#XOR19,19#LRO13,53#LRO23,6#
=================================================================

13	:
Fitness Score:	2.0043412364145956
Bitchange:	0.0010829584143968835
Round Function:
XOR1,1#LRO20,2#XOR1,1#XOR9,9#XOR14,14#LRO15,11#XOR12,12#LRO4,28#XOR13,13#XOR23,23#XOR5,5#LRO0,37#XOR6,6#LRO7,3#LRO2,29#LRO0,50#XOR1,1#LRO13,63#LRO11,33#LRO22,5#XOR19,19#LRO24,48#XOR3,3#LRO9,42#LRO8,18#XOR22,22#XOR23,23#LRO15,55#LRO9,52#LRO10,28#XOR4,4#XOR0,0#XOR23,23#LRO5,30#XOR1,1#LRO12,1#LRO7,20#XOR12,12#XOR15,15#LRO24,61#
=================================================================

14	:
Fitness Score:	2.004358410217987
Bitchange:	0.001087233250243187
Round Function:
XOR0,0#LRO7,58#XOR15,15#LRO20,57#XOR15,15#XOR8,8#LRO22,22#LRO4,21#XOR15,15#XOR15,15#XOR7,7#LRO13,57#XOR12,12#XOR23,23#XOR6,6#XOR0,0#XOR12,12#LRO6,56#LRO24,34#XOR4,4#XOR11,11#XOR1,1#LRO8,0#XOR24,24#LRO13,28#XOR2,2#LRO3,28#XOR11,11#XOR15,15#XOR20,20#XOR14,14#XOR6,6#LRO17,10#XOR0,0#LRO9,22#LRO6,37#LRO22,19#XOR17,17#LRO16,8#LRO20,10#
=================================================================

15	:
Fitness Score:	2.0043679513470387
Bitchange:	0.001089608159046689
Round Function:
XOR3,3#XOR7,7#LRO7,56#XOR5,5#XOR20,20#XOR19,19#LRO24,7#XOR23,23#XOR18,18#LRO12,35#LRO20,61#XOR11,11#XOR15,15#XOR8,8#XOR24,24#LRO1,44#XOR4,4#LRO15,16#XOR12,12#XOR14,14#LRO21,10#LRO17,31#LRO11,37#XOR12,12#XOR3,3#XOR11,11#XOR15,15#XOR14,14#LRO0,35#LRO2,50#LRO19,48#XOR23,23#XOR17,17#XOR0,0#XOR13,13#XOR5,5#XOR1,1#XOR7,7#LRO5,34#XOR1,1#
=================================================================

16	:
Fitness Score:	2.0043946669916335
Bitchange:	0.0010962579036964944
Round Function:
LRO14,27#XOR17,17#XOR1,1#LRO4,33#LRO10,32#XOR18,18#LRO8,63#LRO19,35#LRO5,51#LRO1,0#XOR3,3#XOR17,17#XOR11,11#LRO15,26#XOR15,15#XOR14,14#XOR16,16#XOR2,2#LRO9,32#LRO23,8#LRO4,16#XOR11,11#XOR13,13#XOR14,14#XOR19,19#XOR14,14#XOR8,8#XOR10,10#XOR11,11#XOR20,20#XOR13,13#LRO16,58#LRO7,4#XOR8,8#LRO0,16#LRO13,9#LRO24,2#XOR21,21#LRO10,56#LRO4,55#
=================================================================

17	:
Fitness Score:	2.004400391865273
Bitchange:	0.0010976828489785955
Round Function:
XOR20,20#LRO10,22#LRO14,32#LRO8,39#XOR5,5#XOR18,18#XOR23,23#LRO6,22#XOR7,7#XOR21,21#LRO5,59#XOR24,24#LRO15,60#XOR4,4#XOR20,20#XOR12,12#XOR0,0#XOR1,1#XOR13,13#LRO7,28#LRO6,58#XOR9,9#XOR13,13#XOR14,14#XOR20,20#LRO7,55#LRO17,9#LRO5,56#LRO15,21#XOR12,12#XOR2,2#LRO1,6#LRO3,54#LRO2,24#XOR21,21#XOR23,23#LRO10,46#LRO17,11#LRO17,37#XOR16,16#
=================================================================

18	:
Fitness Score:	2.0044099333940113
Bitchange:	0.0011000577577820975
Round Function:
LRO2,20#LRO2,20#XOR24,24#LRO15,27#XOR24,24#XOR23,23#LRO14,61#LRO5,12#XOR2,2#XOR14,14#LRO23,38#LRO18,17#XOR21,21#XOR24,24#LRO8,60#XOR6,6#XOR24,24#LRO12,63#XOR22,22#LRO12,51#XOR19,19#LRO2,31#XOR18,18#XOR5,5#XOR2,2#XOR9,9#LRO1,63#XOR5,5#LRO16,9#LRO7,29#LRO0,28#LRO2,32#XOR2,2#LRO3,29#XOR3,3#XOR1,1#LRO18,16#LRO2,12#XOR15,15#XOR17,17#
=================================================================

19	:
Fitness Score:	2.0044194750135906
Bitchange:	0.0011024326665855994
Round Function:
LRO19,43#XOR21,21#XOR16,16#LRO23,15#LRO12,1#LRO16,45#LRO13,8#LRO2,28#LRO0,30#LRO10,10#XOR12,12#LRO8,0#LRO22,28#LRO5,58#XOR20,20#LRO2,10#XOR7,7#XOR19,19#XOR22,22#LRO18,51#XOR3,3#LRO13,56#XOR2,2#XOR3,3#XOR12,12#LRO24,19#LRO22,58#XOR5,5#XOR3,3#LRO11,53#XOR3,3#LRO22,9#XOR3,3#LRO1,19#XOR19,19#XOR1,1#LRO8,24#LRO4,25#XOR15,15#LRO4,48#
=================================================================

20	:
Fitness Score:	2.0044194750135906
Bitchange:	0.0011024326665855994
Round Function:
XOR11,11#LRO12,10#XOR18,18#LRO6,59#XOR1,1#LRO18,38#XOR19,19#XOR11,11#LRO5,12#LRO8,47#XOR2,2#XOR3,3#XOR19,19#XOR8,8#XOR20,20#XOR7,7#LRO7,4#LRO11,44#LRO7,21#LRO3,38#LRO24,33#XOR11,11#LRO8,46#LRO9,50#XOR12,12#LRO19,12#LRO22,47#LRO9,27#LRO22,44#XOR1,1#LRO21,55#XOR17,17#XOR1,1#LRO9,62#LRO9,11#LRO0,32#LRO0,35#XOR15,15#XOR15,15#LRO2,42#
=================================================================

21	:
Fitness Score:	2.004434741793871
Bitchange:	0.0011062325206712025
Round Function:
XOR15,15#XOR9,9#LRO21,30#LRO16,24#LRO1,44#LRO22,55#XOR5,5#LRO9,52#LRO24,42#XOR3,3#XOR20,20#LRO20,33#LRO5,30#LRO17,27#LRO11,12#XOR16,16#XOR4,4#XOR5,5#XOR1,1#LRO22,51#LRO20,16#LRO20,39#LRO22,34#LRO20,37#LRO23,55#LRO13,51#XOR15,15#LRO10,10#XOR0,0#LRO17,26#LRO7,43#LRO24,49#XOR16,16#XOR17,17#XOR8,8#LRO0,26#LRO22,28#XOR11,11#XOR22,22#XOR12,12#
=================================================================

22	:
Fitness Score:	2.004434741793871
Bitchange:	0.0011062325206712025
Round Function:
XOR20,20#XOR1,1#XOR23,23#XOR1,1#XOR23,23#LRO23,20#LRO5,32#LRO3,18#LRO5,9#XOR12,12#LRO5,61#XOR8,8#XOR22,22#XOR21,21#LRO13,32#XOR3,3#LRO22,51#XOR6,6#XOR21,21#LRO12,2#XOR0,0#XOR1,1#LRO5,32#LRO17,15#LRO23,56#LRO21,21#LRO3,59#XOR20,20#LRO16,25#LRO0,38#LRO16,33#LRO0,24#LRO22,0#LRO1,46#XOR23,23#XOR11,11#LRO10,0#LRO16,63#LRO21,32#XOR14,14#
=================================================================

23	:
Fitness Score:	2.004434741793871
Bitchange:	0.0011062325206712025
Round Function:
XOR24,24#XOR20,20#XOR6,6#LRO15,44#XOR21,21#XOR1,1#LRO11,54#LRO15,23#XOR23,23#XOR14,14#XOR12,12#XOR3,3#XOR6,6#LRO9,42#XOR22,22#LRO4,5#XOR12,12#LRO19,3#LRO9,11#XOR13,13#XOR18,18#LRO13,38#XOR19,19#LRO18,30#XOR21,21#LRO9,26#XOR22,22#XOR4,4#XOR0,0#XOR20,20#LRO14,54#LRO8,38#LRO0,6#XOR16,16#XOR0,0#XOR5,5#LRO10,5#XOR7,7#XOR7,7#XOR17,17#
=================================================================

24	:
Fitness Score:	2.004434741793871
Bitchange:	0.0011062325206712025
Round Function:
LRO15,47#XOR8,8#XOR24,24#XOR15,15#LRO0,12#XOR12,12#XOR18,18#LRO17,0#LRO18,20#LRO15,24#LRO1,14#LRO5,54#LRO10,42#XOR6,6#XOR12,12#XOR17,17#LRO4,15#XOR17,17#XOR3,3#LRO8,33#LRO6,11#LRO0,47#LRO21,48#LRO24,54#XOR10,10#XOR0,0#LRO5,39#LRO18,30#LRO0,29#XOR3,3#LRO20,42#LRO23,38#XOR17,17#XOR24,24#XOR1,1#LRO6,25#XOR14,14#XOR13,13#XOR5,5#XOR11,11#
=================================================================

25	:
Fitness Score:	2.0044461920317005
Bitchange:	0.0011090824112354048
Round Function:
XOR2,2#LRO22,29#XOR5,5#XOR10,10#LRO16,58#XOR21,21#LRO2,29#LRO9,21#LRO0,7#LRO11,7#LRO13,40#XOR18,18#LRO16,58#XOR2,2#XOR16,16#LRO15,43#LRO8,46#XOR15,15#XOR2,2#LRO4,15#LRO9,14#XOR0,0#XOR14,14#XOR20,20#LRO5,12#LRO15,57#LRO6,20#XOR19,19#XOR1,1#LRO17,25#XOR10,10#LRO24,3#XOR15,15#LRO0,19#XOR9,9#LRO0,44#XOR7,7#LRO22,14#XOR17,17#LRO18,29#
=================================================================

26	:
Fitness Score:	2.0044461920317005
Bitchange:	0.0011090824112354048
Round Function:
XOR0,0#LRO16,5#XOR13,13#XOR21,21#XOR18,18#LRO13,20#LRO22,42#XOR16,16#LRO7,31#XOR1,1#LRO11,37#LRO19,44#LRO0,30#LRO23,6#LRO9,28#XOR15,15#LRO21,36#LRO4,18#XOR15,15#LRO0,45#XOR18,18#LRO5,12#XOR2,2#XOR21,21#XOR11,11#XOR24,24#XOR13,13#XOR14,14#LRO12,4#LRO9,58#XOR19,19#XOR5,5#LRO12,21#XOR0,0#LRO2,34#XOR15,15#LRO22,49#LRO21,61#LRO24,62#LRO4,18#
=================================================================

27	:
Fitness Score:	2.0044461920317005
Bitchange:	0.0011090824112354048
Round Function:
XOR2,2#XOR0,0#LRO12,13#LRO12,2#XOR9,9#XOR16,16#LRO8,45#XOR11,11#XOR8,8#XOR1,1#LRO20,9#XOR22,22#XOR8,8#LRO23,6#XOR24,24#XOR15,15#LRO13,46#XOR2,2#XOR6,6#XOR6,6#XOR22,22#XOR5,5#LRO10,41#XOR14,14#LRO6,11#LRO8,22#LRO13,27#XOR18,18#XOR7,7#LRO13,48#LRO2,24#XOR2,2#XOR15,15#XOR18,18#LRO0,19#LRO7,50#XOR4,4#LRO21,16#XOR24,24#LRO12,9#
=================================================================

28	:
Fitness Score:	2.0044461920317005
Bitchange:	0.0011090824112354048
Round Function:
XOR0,0#LRO9,48#LRO19,62#LRO20,5#LRO14,55#XOR18,18#XOR24,24#XOR5,5#LRO4,60#LRO23,18#LRO20,61#XOR16,16#LRO24,46#XOR9,9#XOR23,23#LRO2,4#XOR18,18#XOR21,21#XOR23,23#LRO15,34#LRO8,47#LRO4,5#LRO1,10#XOR4,4#XOR18,18#XOR2,2#LRO18,61#XOR1,1#XOR21,21#LRO10,8#XOR7,7#XOR23,23#XOR19,19#LRO15,43#LRO6,5#XOR21,21#LRO0,25#XOR20,20#XOR1,1#LRO10,47#
=================================================================

29	:
Fitness Score:	2.004457642400348
Bitchange:	0.0011119323017996072
Round Function:
XOR7,7#XOR2,2#XOR19,19#LRO6,31#XOR2,2#XOR11,11#LRO12,32#LRO14,31#XOR19,19#XOR20,20#LRO21,40#XOR23,23#LRO12,11#XOR6,6#XOR19,19#XOR10,10#LRO15,2#XOR20,20#LRO5,47#LRO16,18#LRO4,14#XOR19,19#LRO10,53#LRO17,16#LRO8,16#XOR5,5#LRO7,35#XOR6,6#XOR15,15#XOR8,8#LRO11,9#XOR6,6#XOR21,21#XOR12,12#LRO3,62#XOR5,5#XOR0,0#XOR12,12#LRO13,63#XOR1,1#
=================================================================

30	:
Fitness Score:	2.0044614592189687
Bitchange:	0.001112882265321008
Round Function:
LRO1,5#XOR5,5#LRO9,19#XOR1,1#LRO17,14#XOR20,20#LRO12,63#XOR11,11#XOR20,20#XOR13,13#LRO3,40#XOR24,24#XOR17,17#LRO2,57#LRO23,39#XOR19,19#LRO5,33#LRO13,24#XOR22,22#LRO15,48#LRO0,21#XOR20,20#XOR0,0#LRO12,7#XOR19,19#LRO16,13#XOR1,1#XOR11,11#LRO4,24#XOR14,14#XOR14,14#XOR2,2#XOR2,2#XOR22,22#LRO13,29#LRO19,1#XOR14,14#XOR11,11#XOR17,17#LRO19,25#
=================================================================

31	:
Fitness Score:	2.0045091706782037
Bitchange:	0.0011247568093385176
Round Function:
XOR7,7#LRO13,49#LRO14,60#XOR11,11#LRO15,57#XOR6,6#LRO2,32#XOR13,13#LRO11,19#XOR21,21#LRO9,44#XOR10,10#LRO10,1#XOR11,11#LRO10,31#LRO10,0#LRO8,38#LRO17,17#XOR2,2#LRO3,30#XOR18,18#XOR14,14#LRO10,32#LRO3,6#LRO7,26#LRO21,43#LRO24,8#XOR15,15#LRO8,5#LRO20,9#XOR3,3#LRO12,58#XOR19,19#LRO0,23#LRO15,62#XOR19,19#XOR6,6#XOR17,17#LRO22,55#XOR1,1#
=================================================================

32	:
Fitness Score:	2.008511645079092
Bitchange:	0.0021188936344844287
Round Function:
LRO18,31#LRO7,56#XOR0,0#LRO6,13#LRO5,0#LRO23,39#LRO2,16#XOR7,7#XOR8,8#LRO23,10#XOR22,22#LRO24,55#XOR19,19#LRO19,29#XOR9,9#LRO3,13#LRO7,43#XOR2,2#LRO8,33#LRO13,25#XOR4,4#LRO20,42#LRO5,51#LRO7,61#XOR9,9#XOR9,9#LRO6,22#XOR19,19#LRO1,61#LRO19,13#XOR2,2#XOR22,22#XOR24,24#LRO21,51#LRO9,51#LRO19,5#XOR24,24#LRO19,27#LRO23,28#XOR12,12#
=================================================================

33	:
Fitness Score:	2.008534638937835
Bitchange:	0.0021245934156128334
Round Function:
LRO24,40#LRO1,50#LRO20,46#LRO2,30#LRO4,56#XOR7,7#LRO2,20#XOR13,13#LRO0,7#XOR6,6#XOR11,11#XOR20,20#LRO21,60#LRO10,60#XOR3,3#XOR18,18#LRO14,43#XOR15,15#XOR23,23#LRO15,25#LRO4,56#XOR3,3#LRO9,22#XOR9,9#XOR10,10#XOR12,12#XOR5,5#XOR8,8#XOR21,21#LRO23,44#LRO11,24#XOR20,20#XOR0,0#LRO3,1#XOR24,24#XOR11,11#XOR23,23#LRO3,5#LRO2,32#LRO9,34#
=================================================================

34	:
Fitness Score:	2.008546136064637
Bitchange:	0.0021274433061770357
Round Function:
XOR18,18#XOR14,14#XOR14,14#LRO23,15#LRO14,27#XOR12,12#XOR7,7#LRO0,29#LRO2,27#XOR21,21#XOR2,2#XOR4,4#XOR0,0#XOR14,14#LRO7,61#XOR24,24#XOR18,18#XOR15,15#XOR16,16#LRO2,30#LRO17,16#LRO7,42#XOR0,0#XOR10,10#XOR22,22#XOR24,24#XOR19,19#LRO1,14#LRO9,46#XOR19,19#XOR23,23#LRO8,53#XOR23,23#LRO24,6#XOR22,22#XOR16,16#XOR24,24#LRO3,33#XOR23,23#XOR14,14#
=================================================================

35	:
Fitness Score:	2.0085576333230617
Bitchange:	0.002130293196741238
Round Function:
LRO15,15#LRO5,23#XOR13,13#XOR5,5#LRO11,56#LRO20,1#LRO23,42#XOR0,0#LRO18,23#LRO14,36#LRO13,34#XOR23,23#LRO15,19#XOR11,11#XOR17,17#LRO0,22#XOR8,8#LRO14,35#XOR18,18#LRO11,28#LRO4,7#LRO19,48#XOR21,21#XOR18,18#XOR3,3#XOR21,21#LRO2,44#XOR17,17#XOR14,14#XOR22,22#XOR24,24#XOR0,0#XOR24,24#XOR13,13#XOR8,8#LRO0,22#XOR8,8#LRO14,57#LRO17,42#LRO0,39#
=================================================================

36	:
Fitness Score:	2.0085614657717863
Bitchange:	0.0021312431602626388
Round Function:
LRO12,8#LRO1,54#XOR7,7#LRO24,28#LRO17,34#LRO3,15#XOR7,7#LRO10,60#XOR11,11#XOR9,9#LRO9,10#XOR14,14#LRO12,24#LRO14,7#LRO12,60#XOR12,12#LRO4,21#XOR4,4#XOR12,12#LRO10,53#XOR11,11#XOR2,2#LRO1,44#XOR15,15#XOR20,20#XOR20,20#LRO13,13#LRO22,34#LRO21,19#LRO24,7#LRO19,37#XOR4,4#XOR16,16#LRO2,34#XOR0,0#LRO1,43#LRO17,1#XOR2,2#LRO11,9#XOR15,15#
=================================================================

37	:
Fitness Score:	2.0085652982351365
Bitchange:	0.0021321931237840396
Round Function:
XOR8,8#XOR9,9#XOR7,7#XOR13,13#XOR10,10#XOR4,4#XOR2,2#LRO1,8#XOR22,22#LRO15,16#LRO20,44#XOR8,8#LRO2,24#LRO15,17#XOR19,19#LRO23,21#LRO5,42#LRO10,6#XOR22,22#LRO20,34#LRO20,7#LRO19,47#XOR12,12#XOR5,5#LRO10,51#LRO8,2#LRO4,0#XOR13,13#LRO9,17#LRO3,57#XOR8,8#XOR0,0#XOR7,7#XOR9,9#XOR5,5#LRO15,10#XOR24,24#LRO3,33#LRO9,48#XOR17,17#
=================================================================

38	:
Fitness Score:	2.008590209603404
Bitchange:	0.0021383678866731446
Round Function:
LRO19,24#LRO17,46#LRO21,31#LRO24,34#XOR9,9#XOR20,20#XOR19,19#LRO19,33#XOR6,6#LRO0,30#XOR6,6#XOR14,14#LRO0,25#XOR4,4#LRO19,62#LRO12,37#LRO7,59#XOR13,13#XOR10,10#XOR18,18#XOR10,10#LRO3,37#LRO9,28#XOR3,3#XOR11,11#XOR10,10#LRO8,45#XOR17,17#XOR23,23#LRO11,17#XOR8,8#XOR14,14#LRO17,60#XOR6,6#LRO14,49#XOR2,2#XOR5,5#LRO24,56#LRO11,31#XOR21,21#
=================================================================

39	:
Fitness Score:	2.0086017073664046
Bitchange:	0.002141217777237347
Round Function:
LRO11,16#LRO10,10#XOR7,7#LRO16,31#XOR12,12#XOR4,4#LRO21,47#LRO7,47#XOR22,22#LRO15,16#LRO20,40#LRO17,40#XOR0,0#LRO15,17#LRO22,21#XOR18,18#LRO5,42#LRO14,0#XOR22,22#XOR11,11#LRO13,16#LRO22,17#LRO18,54#LRO6,46#LRO10,51#LRO0,29#XOR9,9#XOR13,13#LRO22,53#LRO3,57#XOR15,15#LRO2,18#LRO3,16#XOR9,9#XOR24,24#LRO15,10#XOR2,2#XOR16,16#LRO9,48#XOR19,19#
=================================================================

40	:
Fitness Score:	2.0086112889361254
Bitchange:	0.002143592686040849
Round Function:
LRO22,10#XOR5,5#LRO19,18#LRO4,7#LRO14,1#LRO0,30#LRO8,46#XOR4,4#LRO21,21#XOR2,2#XOR19,19#LRO7,39#LRO22,60#LRO13,45#XOR22,22#XOR18,18#LRO13,25#XOR3,3#XOR18,18#LRO10,59#LRO14,15#LRO24,44#LRO17,8#XOR15,15#XOR6,6#XOR23,23#LRO5,11#LRO19,48#LRO16,19#LRO3,15#LRO24,54#LRO23,38#XOR2,2#LRO10,61#XOR19,19#LRO6,27#XOR22,22#XOR18,18#LRO17,60#XOR13,13#
=================================================================

41	:
Fitness Score:	2.0086247032873095
Bitchange:	0.0021469175583657516
Round Function:
LRO23,10#LRO17,22#LRO5,2#LRO21,3#LRO23,42#LRO21,34#LRO16,3#LRO6,55#LRO23,28#XOR22,22#LRO0,47#XOR22,22#LRO3,57#LRO11,25#LRO13,50#LRO2,23#XOR13,13#LRO8,51#XOR16,16#LRO18,4#XOR12,12#XOR24,24#LRO24,15#LRO13,15#LRO14,25#XOR3,3#XOR21,21#XOR17,17#XOR17,17#LRO17,25#XOR4,4#XOR15,15#LRO18,4#XOR15,15#XOR0,0#XOR9,9#LRO8,63#XOR3,3#XOR17,17#LRO4,47#
=================================================================

42	:
Fitness Score:	2.0086266196378193
Bitchange:	0.002147392540126452
Round Function:
LRO5,35#LRO22,39#LRO3,5#XOR13,13#LRO2,25#XOR0,0#XOR14,14#XOR23,23#XOR21,21#XOR6,6#LRO5,59#XOR6,6#LRO20,55#LRO15,26#LRO12,54#XOR21,21#XOR3,3#XOR3,3#LRO2,39#XOR3,3#XOR15,15#LRO0,29#XOR8,8#XOR7,7#LRO7,37#XOR15,15#LRO14,48#LRO6,39#LRO20,52#LRO22,18#LRO23,56#LRO18,33#LRO12,53#XOR3,3#LRO3,55#XOR16,16#XOR11,11#LRO14,5#LRO9,22#XOR24,24#
=================================================================

43	:
Fitness Score:	2.0086304523498093
Bitchange:	0.0021483425036478527
Round Function:
LRO1,62#LRO5,49#XOR2,2#LRO9,18#LRO3,14#XOR22,22#LRO11,24#LRO24,6#LRO7,29#XOR11,11#LRO15,55#XOR21,21#XOR18,18#XOR19,19#LRO0,63#XOR3,3#LRO11,37#LRO21,23#XOR21,21#XOR6,6#LRO6,47#XOR4,4#XOR5,5#XOR10,10#LRO24,38#XOR12,12#LRO9,1#LRO12,52#XOR6,6#XOR15,15#LRO14,25#XOR22,22#LRO2,36#XOR20,20#LRO22,11#LRO5,21#XOR16,16#LRO11,36#LRO19,15#LRO21,29#
=================================================================

44	:
Fitness Score:	2.0086342850764254
Bitchange:	0.0021492924671692535
Round Function:
XOR7,7#XOR2,2#XOR17,17#LRO12,5#LRO21,50#LRO6,42#LRO2,22#XOR9,9#XOR15,15#LRO12,11#LRO0,61#LRO14,46#XOR16,16#XOR18,18#LRO15,16#XOR16,16#LRO13,48#XOR14,14#LRO16,6#LRO2,45#LRO7,53#LRO9,3#XOR20,20#XOR20,20#LRO12,37#LRO4,23#LRO20,33#XOR7,7#XOR17,17#XOR7,7#LRO20,8#XOR11,11#LRO6,31#LRO14,3#LRO16,8#LRO5,17#XOR23,23#XOR3,3#XOR13,13#XOR24,24#
=================================================================

45	:
Fitness Score:	2.0086381178176684
Bitchange:	0.0021502424306906543
Round Function:
XOR19,19#XOR17,17#XOR12,12#XOR7,7#LRO7,38#XOR6,6#LRO6,25#XOR13,13#XOR15,15#XOR6,6#XOR6,6#XOR18,18#LRO9,8#LRO16,17#XOR19,19#XOR7,7#LRO12,39#XOR4,4#LRO23,32#XOR20,20#LRO5,31#LRO0,28#LRO12,59#XOR2,2#LRO17,61#XOR5,5#XOR22,22#XOR9,9#LRO16,31#LRO8,54#XOR11,11#XOR5,5#XOR5,5#XOR19,19#LRO2,45#XOR0,0#XOR22,22#XOR14,14#XOR17,17#XOR6,6#
=================================================================

46	:
Fitness Score:	2.0086381178176684
Bitchange:	0.0021502424306906543
Round Function:
LRO17,48#XOR24,24#XOR14,14#LRO11,63#LRO18,57#LRO17,23#XOR15,15#XOR21,21#XOR0,0#LRO18,31#XOR21,21#XOR19,19#XOR17,17#LRO7,50#XOR2,2#LRO6,49#XOR15,15#XOR4,4#LRO11,40#LRO7,27#LRO14,20#XOR0,0#XOR22,22#XOR17,17#XOR4,4#XOR7,7#LRO9,63#XOR18,18#XOR12,12#LRO5,38#XOR7,7#XOR21,21#XOR0,0#LRO18,19#XOR16,16#LRO18,15#XOR0,0#LRO2,0#LRO15,3#XOR17,17#
=================================================================

47	:
Fitness Score:	2.0086381178176684
Bitchange:	0.0021502424306906543
Round Function:
XOR18,18#XOR21,21#XOR13,13#XOR7,7#LRO11,39#XOR14,14#XOR19,19#XOR9,9#LRO15,10#LRO8,27#LRO24,12#XOR7,7#XOR17,17#XOR20,20#LRO21,62#XOR2,2#XOR19,19#XOR17,17#XOR0,0#LRO2,47#LRO13,14#LRO9,38#XOR5,5#LRO6,2#XOR11,11#LRO19,12#LRO24,12#XOR24,24#XOR16,16#XOR0,0#XOR5,5#LRO2,20#LRO19,7#LRO8,10#XOR4,4#XOR8,8#XOR13,13#XOR14,14#LRO15,40#LRO14,58#
=================================================================

48	:
Fitness Score:	2.008640034193775
Bitchange:	0.0021507174124513547
Round Function:
LRO20,57#LRO11,33#XOR23,23#XOR11,11#LRO2,52#XOR24,24#XOR14,14#XOR8,8#LRO15,13#LRO1,29#XOR21,21#XOR18,18#LRO20,32#XOR19,19#XOR22,22#XOR10,10#XOR9,9#XOR9,9#LRO21,62#XOR16,16#LRO13,16#XOR0,0#LRO6,60#LRO1,27#XOR11,11#LRO11,59#XOR2,2#XOR20,20#LRO21,33#XOR6,6#XOR15,15#XOR6,6#LRO7,11#XOR24,24#LRO0,18#LRO17,63#LRO8,50#XOR19,19#LRO4,53#LRO21,16#
=================================================================

49	:
Fitness Score:	2.008674529589
Bitchange:	0.0021592670841439616
Round Function:
XOR10,10#XOR17,17#XOR5,5#XOR4,4#LRO24,48#XOR2,2#XOR10,10#XOR16,16#XOR7,7#LRO7,60#XOR13,13#XOR7,7#LRO15,32#XOR15,15#LRO8,12#LRO6,41#XOR16,16#LRO13,40#XOR21,21#XOR24,24#XOR4,4#LRO6,63#LRO6,3#XOR22,22#XOR16,16#XOR5,5#LRO12,37#XOR10,10#XOR21,21#LRO14,27#XOR3,3#LRO22,43#XOR16,16#XOR4,4#LRO2,40#XOR11,11#LRO4,21#LRO8,50#XOR19,19#LRO23,53#
=================================================================

50	:
Fitness Score:	2.008674529589
Bitchange:	0.0021592670841439616
Round Function:
XOR21,21#XOR9,9#LRO9,9#XOR13,13#LRO9,35#XOR4,4#XOR23,23#XOR22,22#XOR22,22#LRO13,16#LRO18,18#XOR8,8#XOR12,12#LRO15,17#LRO10,20#XOR18,18#XOR13,13#LRO5,50#LRO10,56#XOR14,14#LRO10,6#LRO22,17#LRO18,54#LRO6,46#LRO18,61#XOR21,21#XOR12,12#XOR13,13#LRO9,17#LRO3,57#XOR8,8#LRO10,38#XOR7,7#XOR22,22#XOR4,4#XOR3,3#XOR2,2#XOR11,11#LRO9,48#XOR19,19#
=================================================================

51	:
Fitness Score:	2.0086956106915745
Bitchange:	0.002164491883511666
Round Function:
LRO16,45#XOR21,21#XOR6,6#LRO4,4#XOR0,0#LRO15,25#XOR0,0#XOR21,21#XOR22,22#LRO1,20#XOR14,14#LRO13,18#XOR5,5#LRO19,44#LRO6,28#LRO22,1#LRO16,53#LRO9,62#LRO3,58#XOR12,12#LRO19,29#XOR10,10#XOR11,11#LRO17,31#LRO23,35#LRO13,8#XOR9,9#XOR17,17#XOR11,11#XOR17,17#XOR24,24#LRO2,21#XOR1,1#XOR10,10#XOR18,18#XOR19,19#LRO11,17#LRO5,8#XOR20,20#LRO23,50#
=================================================================

52	:
Fitness Score:	2.0086956106915745
Bitchange:	0.002164491883511666
Round Function:
XOR2,2#XOR20,20#LRO22,10#XOR11,11#XOR20,20#XOR4,4#XOR0,0#XOR0,0#XOR0,0#XOR0,0#LRO23,26#XOR12,12#LRO18,28#XOR11,11#LRO1,36#XOR10,10#LRO15,15#XOR12,12#LRO9,34#XOR9,9#XOR24,24#XOR15,15#LRO24,30#LRO13,54#XOR24,24#LRO5,1#LRO20,49#XOR8,8#XOR22,22#LRO20,9#LRO10,51#LRO11,53#LRO11,19#XOR6,6#LRO17,50#LRO20,10#LRO16,31#XOR5,5#LRO13,10#LRO15,37#
=================================================================

53	:
Fitness Score:	2.008735857661622
Bitchange:	0.002174466500486374
Round Function:
XOR24,24#LRO24,11#LRO5,29#LRO2,53#LRO2,28#XOR18,18#LRO15,19#XOR7,7#LRO0,55#LRO1,29#LRO2,4#LRO21,43#XOR5,5#XOR24,24#LRO16,56#XOR23,23#LRO4,23#XOR14,14#LRO17,10#LRO7,54#XOR9,9#LRO5,4#LRO12,4#XOR6,6#LRO8,0#XOR20,20#XOR2,2#XOR13,13#LRO17,16#XOR24,24#XOR10,10#LRO22,21#LRO19,2#LRO3,23#LRO17,49#LRO12,0#LRO9,47#LRO12,47#XOR1,1#LRO1,26#
=================================================================

54	:
Fitness Score:	2.008766523102288
Bitchange:	0.0021820662086575802
Round Function:
XOR22,22#XOR19,19#XOR10,10#XOR5,5#LRO10,14#LRO5,52#XOR14,14#LRO20,42#XOR12,12#XOR23,23#LRO17,44#LRO23,24#XOR24,24#LRO2,26#XOR24,24#XOR1,1#XOR5,5#XOR17,17#XOR4,4#XOR16,16#XOR24,24#LRO19,1#XOR23,23#XOR17,17#LRO18,41#LRO5,9#LRO5,13#XOR0,0#XOR22,22#XOR13,13#LRO10,9#LRO11,6#LRO20,39#LRO5,3#XOR23,23#LRO16,48#XOR11,11#LRO10,25#XOR18,18#XOR22,22#
=================================================================

55	:
Fitness Score:	2.0087703563482036
Bitchange:	0.002183016172178981
Round Function:
XOR7,7#LRO16,46#LRO18,15#XOR22,22#LRO11,46#LRO2,21#XOR15,15#LRO18,44#XOR22,22#XOR23,23#XOR0,0#LRO16,50#XOR4,4#XOR9,9#XOR11,11#LRO11,43#LRO14,3#LRO7,55#LRO7,13#XOR20,20#XOR0,0#XOR18,18#LRO18,62#LRO7,51#XOR12,12#XOR11,11#XOR1,1#XOR18,18#LRO6,29#LRO5,41#XOR8,8#XOR11,11#LRO2,19#XOR19,19#LRO8,12#XOR4,4#XOR12,12#XOR4,4#XOR12,12#LRO13,30#
=================================================================

56	:
Fitness Score:	2.008778022883924
Bitchange:	0.0021849160992217826
Round Function:
XOR4,4#XOR6,6#XOR3,3#XOR21,21#LRO19,52#LRO3,31#XOR19,19#LRO3,23#XOR11,11#XOR5,5#LRO8,49#XOR5,5#XOR24,24#LRO11,44#LRO18,12#XOR1,1#LRO11,21#LRO12,17#XOR7,7#LRO6,39#LRO7,46#LRO17,60#XOR21,21#LRO24,35#XOR17,17#XOR7,7#LRO17,21#LRO0,38#LRO11,23#XOR7,7#LRO7,3#XOR12,12#XOR13,13#LRO16,46#XOR12,12#XOR17,17#XOR14,14#LRO9,33#XOR10,10#LRO1,28#
=================================================================

57	:
Fitness Score:	2.008778022883924
Bitchange:	0.0021849160992217826
Round Function:
XOR8,8#XOR7,7#XOR19,19#XOR12,12#XOR0,0#LRO24,45#XOR10,10#XOR0,0#XOR1,1#XOR1,1#XOR4,4#XOR23,23#LRO11,27#XOR19,19#LRO22,5#LRO16,55#XOR6,6#XOR8,8#XOR16,16#LRO3,34#LRO16,36#XOR10,10#XOR5,5#XOR16,16#XOR1,1#XOR18,18#XOR20,20#LRO2,35#LRO7,32#LRO13,19#XOR7,7#LRO4,62#LRO8,31#XOR22,22#LRO18,15#XOR0,0#XOR15,15#XOR1,1#LRO22,53#LRO14,27#
=================================================================

58	:
Fitness Score:	2.008833607018033
Bitchange:	0.002198690570282094
Round Function:
XOR18,18#LRO20,33#XOR14,14#XOR5,5#XOR17,17#LRO24,20#LRO23,28#XOR5,5#XOR15,15#LRO13,0#XOR13,13#XOR9,9#LRO14,55#LRO12,38#LRO11,62#XOR8,8#XOR8,8#XOR1,1#XOR1,1#LRO9,39#LRO12,2#XOR18,18#LRO23,36#LRO9,22#LRO3,17#XOR2,2#XOR7,7#LRO15,56#LRO4,48#XOR14,14#XOR19,19#LRO16,33#XOR15,15#XOR14,14#LRO5,25#XOR12,12#XOR19,19#LRO19,1#LRO24,61#XOR14,14#
=================================================================

59	:
Fitness Score:	2.0088470243388588
Bitchange:	0.0022020154426069965
Round Function:
LRO22,6#XOR8,8#XOR22,22#XOR8,8#XOR18,18#LRO7,8#XOR11,11#LRO6,29#LRO17,13#LRO23,21#XOR0,0#XOR5,5#XOR1,1#LRO15,21#LRO23,57#XOR10,10#LRO9,31#XOR23,23#LRO23,39#LRO20,33#LRO11,60#LRO23,61#XOR5,5#LRO20,9#XOR12,12#XOR8,8#LRO24,42#XOR22,22#LRO4,63#LRO24,22#LRO2,15#LRO2,46#LRO21,36#LRO14,63#XOR20,20#LRO3,9#XOR6,6#LRO2,30#LRO21,2#XOR23,23#
=================================================================

60	:
Fitness Score:	2.008866192250956
Bitchange:	0.0022067652602140004
Round Function:
XOR9,9#XOR15,15#LRO18,24#LRO5,21#LRO12,2#XOR1,1#LRO2,7#LRO14,36#XOR24,24#XOR20,20#XOR7,7#XOR24,24#LRO2,62#LRO0,18#XOR4,4#XOR14,14#LRO20,13#LRO19,52#LRO13,62#XOR1,1#LRO24,17#XOR1,1#XOR0,0#LRO19,20#LRO21,6#XOR9,9#XOR21,21#XOR11,11#XOR24,24#LRO7,44#LRO22,47#XOR17,17#LRO18,54#XOR13,13#XOR18,18#LRO21,1#XOR13,13#XOR16,16#XOR11,11#LRO10,18#
=================================================================

61	:
Fitness Score:	2.0088757763441762
Bitchange:	0.0022091401690175023
Round Function:
XOR11,11#LRO14,7#LRO5,29#XOR11,11#XOR12,12#XOR8,8#XOR6,6#XOR19,19#LRO15,13#LRO1,29#LRO23,60#LRO21,43#LRO1,50#XOR24,24#LRO16,56#LRO3,50#LRO4,23#XOR14,14#XOR11,11#XOR18,18#LRO13,16#LRO5,4#LRO12,4#XOR6,6#LRO0,4#XOR20,20#LRO19,59#XOR13,13#XOR10,10#XOR24,24#XOR9,9#LRO22,59#XOR3,3#LRO10,13#XOR24,24#LRO1,25#XOR5,5#XOR19,19#XOR1,1#XOR9,9#
=================================================================

62	:
Fitness Score:	2.0088776931737944
Bitchange:	0.0022096151507782027
Round Function:
LRO17,59#XOR16,16#LRO1,42#XOR19,19#XOR19,19#XOR11,11#XOR7,7#LRO12,13#XOR14,14#XOR16,16#XOR11,11#XOR24,24#LRO8,29#LRO5,62#XOR18,18#XOR1,1#XOR6,6#LRO17,38#XOR18,18#LRO6,10#XOR8,8#XOR24,24#XOR10,10#XOR23,23#XOR12,12#XOR9,9#LRO19,9#XOR22,22#LRO9,27#XOR18,18#LRO2,48#XOR3,3#XOR17,17#LRO21,17#LRO2,54#LRO17,26#LRO6,37#LRO21,20#XOR14,14#XOR24,24#
=================================================================

63	:
Fitness Score:	2.0088834436845966
Bitchange:	0.002211040096060304
Round Function:
XOR6,6#LRO2,31#LRO6,15#LRO12,6#XOR5,5#XOR1,1#XOR18,18#LRO12,7#XOR16,16#XOR3,3#LRO7,57#XOR4,4#LRO19,44#XOR16,16#LRO6,57#XOR1,1#LRO18,18#XOR12,12#LRO0,0#LRO22,55#LRO7,30#LRO18,40#LRO23,19#XOR20,20#XOR3,3#XOR12,12#XOR21,21#XOR17,17#LRO3,3#LRO6,34#XOR14,14#XOR4,4#XOR8,8#LRO22,52#LRO4,60#LRO23,22#LRO17,8#LRO1,49#LRO19,2#XOR10,10#
=================================================================

64	:
Fitness Score:	2.0088834436845966
Bitchange:	0.002211040096060304
Round Function:
XOR1,1#XOR22,22#LRO1,51#XOR10,10#XOR4,4#XOR4,23#LRO16,30#XOR14,10#LRO2,27#LRO13,5#XOR24,24#XOR13,13#XOR0,10#LRO8,55#LRO9,54#LRO18,33#LRO15,56#XOR1,1#LRO0,17#LRO10,20#XOR0,1#XOR6,1#XOR0,0#LRO4,62#LRO24,24#XOR16,16#LRO11,62#LRO17,32#LRO9,46#LRO12,11#XOR21,21#LRO5,51#LRO17,1#LRO24,60#XOR21,21#LRO19,24#LRO11,59#LRO1,34#LRO20,21#LRO11,21#
=================================================================

65	:
Fitness Score:	2.0088891942283214
Bitchange:	0.002212465041342405
Round Function:
XOR10,10#LRO7,4#XOR20,20#XOR9,9#XOR17,17#LRO0,63#LRO3,42#LRO1,26#LRO14,14#LRO7,48#XOR12,12#LRO15,8#LRO1,8#XOR4,4#LRO11,32#LRO18,51#LRO10,14#XOR19,19#XOR11,11#LRO20,34#LRO5,58#LRO16,61#LRO4,33#LRO23,49#LRO9,43#XOR8,8#LRO16,63#LRO11,0#LRO0,42#XOR17,17#XOR7,7#XOR13,13#LRO8,43#LRO11,47#LRO16,8#LRO21,6#XOR17,17#XOR3,3#XOR4,4#XOR1,1#
=================================================================

66	:
Fitness Score:	2.008898778541024
Bitchange:	0.002214839950145907
Round Function:
LRO23,41#LRO3,34#XOR5,5#XOR12,12#XOR20,20#XOR2,2#LRO23,31#LRO16,4#XOR23,23#XOR13,13#LRO2,43#LRO22,5#LRO11,17#LRO12,39#LRO17,14#LRO14,24#XOR1,1#XOR14,14#LRO21,60#LRO24,41#LRO3,4#LRO1,51#XOR23,23#LRO14,32#LRO2,60#LRO15,41#LRO20,33#LRO12,51#XOR5,5#LRO13,42#XOR19,19#LRO4,21#LRO1,14#XOR11,11#XOR5,5#LRO5,2#XOR17,17#LRO6,29#XOR5,5#XOR6,6#
=================================================================

67	:
Fitness Score:	2.008900695414539
Bitchange:	0.0022153149319066073
Round Function:
XOR17,17#XOR7,7#LRO15,16#XOR12,12#XOR16,16#LRO22,8#LRO10,50#XOR11,11#LRO15,33#LRO0,46#LRO1,34#XOR17,17#XOR10,10#LRO21,60#XOR14,14#XOR4,4#LRO23,30#LRO17,2#LRO17,0#XOR0,0#XOR1,1#XOR1,1#LRO23,9#LRO1,56#XOR12,12#LRO10,15#XOR11,11#XOR19,19#XOR7,7#LRO17,53#XOR6,6#LRO6,33#XOR13,13#XOR15,15#LRO6,51#LRO16,46#LRO19,44#XOR16,16#LRO5,17#XOR14,14#
=================================================================

68	:
Fitness Score:	2.008902612291712
Bitchange:	0.0022157899136673077
Round Function:
LRO7,41#XOR19,19#XOR19,19#XOR2,2#XOR22,22#XOR9,9#XOR10,10#XOR4,4#XOR18,18#XOR2,2#LRO3,27#XOR11,11#LRO9,7#XOR8,8#LRO18,59#LRO14,0#LRO5,28#LRO23,60#XOR2,2#LRO13,55#XOR1,1#LRO4,4#XOR23,23#LRO6,1#XOR20,20#LRO16,48#LRO7,6#XOR5,5#XOR16,16#XOR8,8#XOR8,8#LRO14,33#LRO5,1#XOR13,13#XOR16,16#XOR5,5#LRO13,37#XOR14,14#LRO17,20#XOR21,21#
=================================================================

69	:
Fitness Score:	2.008919864350886
Bitchange:	0.0022200647495136112
Round Function:
LRO17,34#LRO21,10#XOR21,21#XOR5,5#XOR22,22#LRO12,39#LRO18,46#LRO1,43#XOR14,14#XOR13,13#LRO0,40#LRO19,34#XOR15,15#XOR7,7#LRO15,3#LRO5,49#XOR24,24#XOR6,6#XOR7,7#XOR18,18#LRO14,14#LRO3,39#XOR19,19#XOR1,1#XOR10,10#LRO9,59#XOR16,16#LRO22,15#LRO19,61#XOR24,24#XOR10,10#LRO5,32#LRO2,35#LRO17,53#LRO13,31#LRO2,40#XOR22,22#LRO20,2#XOR2,2#LRO2,39#
=================================================================

70	:
Fitness Score:	2.0089371167063774
Bitchange:	0.0022243395853599147
Round Function:
XOR23,23#XOR9,9#XOR8,8#LRO13,47#XOR18,18#XOR22,22#LRO9,59#XOR15,15#XOR18,18#LRO19,30#XOR20,20#LRO19,27#XOR24,24#XOR1,1#XOR16,16#LRO23,32#LRO15,37#XOR24,24#LRO18,48#XOR22,22#LRO16,61#LRO23,32#LRO20,10#LRO23,29#LRO7,35#XOR22,22#LRO8,11#LRO5,42#XOR20,20#XOR11,11#LRO8,57#LRO7,47#XOR3,3#XOR10,10#XOR15,15#LRO15,51#XOR12,12#LRO20,37#LRO22,17#LRO7,29#
=================================================================

71	:
Fitness Score:	2.0089371167063774
Bitchange:	0.0022243395853599147
Round Function:
LRO7,1#LRO22,60#LRO22,25#XOR3,3#LRO12,59#LRO19,35#XOR22,22#XOR22,22#LRO23,14#LRO4,50#LRO9,28#LRO13,4#XOR22,22#XOR7,7#XOR6,6#XOR12,12#LRO20,15#LRO3,14#XOR5,5#LRO15,62#LRO9,18#LRO16,0#XOR1,1#XOR15,15#LRO11,14#XOR23,23#XOR18,18#XOR5,5#XOR17,17#LRO9,39#XOR19,19#XOR10,10#LRO8,51#XOR19,19#LRO22,10#XOR7,7#LRO6,30#LRO3,50#LRO16,46#XOR11,11#
=================================================================

72	:
Fitness Score:	2.0089486184413294
Bitchange:	0.002227189475924117
Round Function:
LRO5,19#XOR16,16#XOR7,7#XOR13,13#XOR11,11#XOR8,8#XOR23,23#LRO19,16#LRO17,37#LRO8,33#LRO7,36#XOR2,2#LRO5,13#XOR12,12#XOR5,5#LRO19,17#XOR21,21#LRO7,11#XOR12,12#LRO18,62#LRO21,13#XOR20,20#XOR24,24#LRO2,1#LRO10,55#XOR14,14#XOR1,1#XOR13,13#LRO14,52#XOR22,22#XOR18,18#XOR10,10#LRO16,37#LRO10,25#XOR10,10#LRO6,55#XOR23,23#LRO8,5#LRO19,0#LRO22,27#
=================================================================

73	:
Fitness Score:	2.0089486184413294
Bitchange:	0.002227189475924117
Round Function:
XOR23,23#LRO20,33#LRO13,33#XOR24,24#XOR16,16#XOR19,19#XOR8,8#LRO6,51#LRO24,21#XOR10,10#XOR4,4#LRO5,28#LRO9,8#XOR24,24#XOR22,22#XOR18,18#LRO15,35#XOR6,6#XOR7,7#LRO19,9#LRO9,27#XOR1,1#XOR23,23#LRO15,22#LRO2,56#LRO14,52#LRO18,45#XOR1,1#XOR13,13#LRO11,44#LRO22,23#LRO6,61#XOR15,15#LRO1,2#LRO9,59#XOR19,19#XOR18,18#XOR2,2#XOR6,6#XOR12,12#
=================================================================

74	:
Fitness Score:	2.0089486184413294
Bitchange:	0.002227189475924117
Round Function:
XOR18,18#XOR23,23#XOR9,9#XOR6,6#XOR9,9#LRO2,17#XOR15,15#XOR9,9#LRO6,5#XOR23,23#XOR14,14#XOR12,12#XOR21,21#XOR19,19#LRO19,15#LRO20,2#XOR8,8#XOR13,13#LRO23,30#LRO14,36#XOR23,23#LRO12,51#XOR13,13#XOR11,11#LRO12,0#LRO9,44#XOR19,19#LRO6,44#LRO9,5#XOR19,19#XOR24,24#LRO14,40#LRO21,48#XOR24,24#XOR1,1#XOR2,2#LRO8,35#XOR15,15#XOR6,6#LRO24,46#
=================================================================

75	:
Fitness Score:	2.0089754563350635
Bitchange:	0.0022338392205739225
Round Function:
LRO16,38#LRO14,30#XOR2,2#LRO2,9#XOR21,21#XOR11,11#LRO14,49#LRO9,33#LRO18,0#XOR21,21#LRO16,14#XOR13,13#XOR8,8#XOR8,8#XOR20,20#LRO0,23#LRO10,39#LRO8,25#LRO23,33#LRO16,53#XOR4,4#XOR12,12#XOR9,9#XOR2,2#LRO12,12#XOR5,5#XOR9,9#XOR1,1#LRO1,63#XOR9,9#LRO12,33#LRO23,39#LRO9,29#XOR21,21#XOR19,19#XOR11,11#XOR1,1#LRO2,46#XOR18,18#LRO15,63#
=================================================================

76	:
Fitness Score:	2.0090080461700537
Bitchange:	0.002241913910505829
Round Function:
LRO16,47#LRO11,42#XOR1,1#LRO21,3#LRO21,55#LRO14,18#XOR0,0#XOR1,1#LRO17,54#XOR22,22#LRO9,40#LRO13,30#LRO17,15#XOR13,13#LRO19,22#XOR16,16#XOR0,0#LRO10,23#XOR1,1#LRO5,9#XOR24,24#LRO21,8#LRO11,6#LRO14,62#LRO10,7#XOR1,1#LRO21,19#LRO13,56#XOR5,5#XOR1,1#LRO19,6#LRO14,3#LRO2,46#XOR10,10#LRO10,55#LRO19,48#LRO2,19#XOR6,6#XOR15,15#LRO4,36#
=================================================================

77	:
Fitness Score:	2.01285723573256
Bitchange:	0.0031937773589494054
Round Function:
LRO4,18#LRO10,10#LRO10,44#LRO22,37#XOR12,12#LRO19,31#XOR12,12#LRO21,61#LRO16,60#LRO1,29#LRO23,60#LRO7,25#LRO8,30#XOR24,24#XOR19,19#XOR10,10#LRO8,60#LRO14,0#XOR22,22#XOR11,11#LRO13,16#XOR24,24#XOR17,17#XOR5,5#LRO0,1#LRO8,2#LRO19,59#LRO3,55#LRO22,53#XOR0,0#LRO2,53#XOR0,0#LRO20,25#LRO7,13#XOR9,9#LRO4,29#XOR24,24#LRO6,27#XOR14,14#XOR17,17#
=================================================================

78	:
Fitness Score:	2.0128803291979622
Bitchange:	0.00319947714007781
Round Function:
XOR23,15#XOR11,11#LRO1,51#XOR10,10#XOR11,11#LRO3,25#LRO18,45#XOR14,10#LRO24,21#XOR20,20#XOR24,24#LRO0,50#XOR0,10#LRO2,0#LRO5,48#XOR18,18#LRO11,40#XOR9,9#XOR7,7#LRO19,9#LRO5,35#XOR6,6#LRO12,13#XOR2,0#LRO24,24#XOR23,23#LRO3,33#XOR17,17#XOR21,21#LRO11,44#XOR21,21#LRO6,61#XOR15,15#XOR4,4#XOR9,9#XOR19,19#LRO8,50#XOR2,2#XOR6,6#XOR12,12#
=================================================================

79	:
Fitness Score:	2.0130015785855453
Bitchange:	0.0032294009910019345
Round Function:
XOR18,18#XOR14,14#XOR23,23#LRO23,15#LRO2,52#XOR4,23#LRO16,30#LRO0,29#LRO2,27#LRO1,29#LRO23,60#XOR4,4#XOR0,0#LRO8,55#LRO14,39#LRO5,9#LRO21,54#XOR9,9#XOR16,16#XOR16,16#LRO7,23#XOR0,0#LRO12,13#XOR10,10#XOR22,22#LRO0,38#XOR19,19#XOR20,20#LRO9,46#XOR6,6#XOR15,15#XOR7,7#XOR23,23#LRO24,6#LRO0,18#XOR9,9#LRO8,50#XOR17,17#XOR23,23#LRO21,16#
=================================================================

80	:
Fitness Score:	2.013041998294214
Bitchange:	0.0032393756079766426
Round Function:
XOR10,10#LRO0,18#XOR24,24#LRO11,19#XOR7,7#LRO0,21#XOR9,9#LRO0,9#LRO22,44#XOR7,7#LRO3,2#XOR0,0#LRO17,52#LRO13,29#LRO11,57#LRO1,7#XOR21,21#XOR11,11#XOR22,22#LRO8,60#LRO10,46#XOR17,17#LRO19,0#XOR15,15#XOR5,5#LRO21,12#XOR15,15#XOR14,14#LRO11,1#XOR14,14#XOR4,4#LRO21,15#XOR23,23#LRO12,29#LRO5,27#XOR20,20#LRO0,24#XOR10,10#LRO6,29#LRO15,43#
=================================================================

81	:
Fitness Score:	2.0130458478749342
Bitchange:	0.0032403255714980434
Round Function:
XOR6,6#LRO0,57#XOR3,3#LRO22,56#LRO16,57#XOR20,20#LRO14,33#XOR18,18#XOR12,12#XOR12,12#LRO22,10#LRO17,22#LRO8,12#XOR15,15#XOR5,5#XOR21,21#LRO3,53#LRO15,29#XOR17,17#XOR4,4#LRO15,51#XOR9,9#XOR3,3#LRO5,35#LRO9,5#LRO12,16#LRO15,5#LRO17,62#XOR10,10#LRO19,61#XOR10,10#LRO24,32#XOR4,4#XOR4,4#XOR15,15#XOR19,19#XOR16,16#LRO11,16#LRO11,37#LRO7,42#
=================================================================

82	:
Fitness Score:	2.0130477726708156
Bitchange:	0.003240800553258744
Round Function:
LRO20,63#LRO2,16#XOR21,21#LRO20,61#LRO15,21#LRO4,50#LRO1,25#LRO5,1#XOR15,15#LRO14,11#XOR19,19#XOR13,13#XOR11,11#XOR22,22#LRO16,58#XOR6,6#XOR6,6#LRO8,32#LRO8,14#XOR23,23#LRO16,25#LRO14,0#XOR22,22#XOR14,14#LRO23,39#XOR12,12#LRO17,59#LRO20,59#LRO22,13#LRO18,60#XOR4,4#LRO11,35#XOR3,3#LRO19,11#LRO4,5#LRO23,3#LRO0,6#XOR18,18#XOR24,24#LRO14,36#
=================================================================

83	:
Fitness Score:	2.0130516222736214
Bitchange:	0.0032417505167801446
Round Function:
LRO12,15#LRO23,62#LRO23,1#XOR11,11#LRO5,12#XOR15,15#XOR12,12#XOR19,19#XOR11,11#LRO2,28#XOR9,9#XOR11,11#LRO12,22#XOR13,13#LRO0,61#LRO11,60#LRO12,19#LRO15,16#XOR18,18#LRO12,15#XOR0,0#LRO20,41#XOR20,20#XOR16,16#XOR19,19#LRO14,7#LRO6,46#LRO23,59#XOR16,16#LRO13,35#LRO5,19#XOR22,22#XOR19,19#LRO8,7#LRO17,58#XOR7,7#XOR10,10#XOR9,9#XOR18,18#LRO15,31#
=================================================================

84	:
Fitness Score:	2.01305547189115
Bitchange:	0.0032427004803015453
Round Function:
LRO22,13#LRO24,58#LRO7,2#XOR7,7#LRO4,50#XOR18,18#XOR20,20#XOR6,6#LRO1,27#XOR0,0#LRO18,16#LRO2,21#LRO6,38#XOR19,19#LRO21,0#XOR4,4#XOR23,23#LRO24,55#XOR14,14#LRO11,13#LRO6,41#LRO17,16#XOR22,22#LRO24,7#XOR24,24#XOR11,11#LRO12,30#LRO15,43#LRO16,62#LRO5,55#XOR19,19#LRO20,22#LRO3,8#XOR15,15#XOR0,0#LRO23,27#LRO0,28#LRO4,23#LRO7,56#LRO16,48#
=================================================================

85	:
Fitness Score:	2.0130785699055203
Bitchange:	0.00324840026142995
Round Function:
LRO21,6#LRO24,22#XOR11,11#XOR12,12#LRO14,23#LRO16,22#XOR8,8#LRO7,11#XOR5,5#XOR12,12#XOR3,3#XOR12,12#LRO21,28#XOR16,16#XOR15,15#XOR10,10#LRO24,9#LRO5,21#LRO24,37#LRO21,29#XOR16,16#LRO2,24#LRO14,34#XOR4,4#XOR21,21#LRO24,39#XOR19,19#LRO13,44#LRO17,25#XOR3,3#XOR12,12#XOR3,3#XOR4,4#XOR20,20#XOR16,16#LRO12,36#LRO18,6#XOR22,22#LRO7,13#LRO15,35#
=================================================================

86	:
Fitness Score:	2.0130920439920215
Bitchange:	0.0032517251337548527
Round Function:
XOR24,24#XOR23,23#LRO22,23#LRO1,7#LRO22,30#XOR2,2#XOR16,16#XOR20,20#LRO13,10#LRO17,9#LRO17,55#LRO23,9#LRO1,33#XOR13,13#LRO5,25#LRO19,31#LRO9,17#XOR7,7#LRO12,4#XOR18,18#LRO13,52#XOR8,8#XOR4,4#LRO10,49#LRO11,22#LRO15,45#LRO13,3#LRO2,42#XOR15,15#LRO6,7#LRO18,39#LRO19,4#LRO3,24#XOR10,10#LRO9,46#XOR15,15#XOR19,19#LRO0,47#LRO5,42#LRO17,8#
=================================================================

87	:
Fitness Score:	2.0130958937641514
Bitchange:	0.0032526750972762535
Round Function:
XOR6,6#LRO21,29#XOR13,13#LRO16,44#LRO21,32#LRO15,62#XOR9,9#LRO19,8#XOR9,9#LRO8,34#XOR15,15#LRO19,1#LRO8,57#LRO22,54#XOR2,2#LRO19,4#LRO10,17#XOR12,12#LRO22,60#LRO5,48#LRO15,27#LRO0,54#XOR2,2#LRO18,2#XOR6,6#LRO23,51#XOR7,7#XOR8,8#LRO9,55#XOR11,11#XOR14,14#XOR22,22#XOR22,22#XOR6,6#XOR21,21#LRO1,31#LRO4,21#LRO23,0#LRO2,35#LRO24,38#
=================================================================

88	:
Fitness Score:	2.0130997435510056
Bitchange:	0.0032536250607976542
Round Function:
XOR0,0#LRO14,6#XOR19,19#XOR7,7#LRO17,30#XOR18,18#XOR8,8#LRO21,42#XOR15,15#LRO17,19#LRO10,7#XOR20,20#XOR6,6#LRO20,8#LRO2,23#XOR22,22#XOR7,7#XOR23,23#LRO4,57#LRO24,24#LRO8,20#XOR20,20#LRO22,27#XOR23,23#LRO0,30#XOR12,12#XOR8,8#LRO5,28#XOR13,13#XOR6,6#XOR13,13#XOR13,13#XOR17,17#LRO21,23#XOR12,12#XOR5,5#LRO6,22#LRO2,34#LRO6,22#XOR21,21#
=================================================================

89	:
Fitness Score:	2.0131112929999158
Bitchange:	0.0032564749513618566
Round Function:
LRO4,18#LRO6,26#XOR21,21#LRO16,31#XOR22,22#XOR4,4#XOR12,12#LRO21,61#LRO20,40#LRO0,1#LRO20,44#LRO17,40#XOR0,0#XOR15,15#XOR19,19#XOR10,10#LRO17,10#LRO14,0#LRO24,25#XOR11,11#LRO13,16#LRO10,20#XOR12,12#LRO11,36#LRO8,33#LRO19,51#LRO23,8#LRO16,45#LRO22,53#XOR0,0#XOR19,19#XOR0,0#LRO14,37#LRO7,13#XOR24,24#XOR20,20#XOR5,5#XOR13,13#XOR16,16#LRO7,25#
=================================================================

90	:
Fitness Score:	2.0131209176419063
Bitchange:	0.0032588498601653585
Round Function:
XOR14,14#LRO19,25#LRO3,16#LRO5,50#XOR4,4#XOR16,16#LRO1,5#LRO15,29#XOR23,23#XOR23,23#LRO9,12#XOR16,16#XOR21,21#LRO5,59#LRO14,7#LRO16,5#LRO18,51#XOR19,19#LRO24,63#LRO21,23#LRO24,63#XOR16,16#LRO19,5#LRO16,53#LRO8,18#XOR9,9#XOR22,22#LRO6,17#XOR0,0#XOR23,23#XOR10,10#XOR18,18#LRO16,35#XOR16,16#LRO18,7#XOR23,23#LRO11,54#LRO17,18#XOR24,24#XOR16,16#
=================================================================

91	:
Fitness Score:	2.013147867129089
Bitchange:	0.003265499604815164
Round Function:
LRO11,29#XOR24,24#XOR6,6#XOR14,14#LRO12,11#XOR5,5#XOR19,19#LRO21,13#XOR16,16#XOR16,16#XOR10,10#XOR17,17#XOR15,15#XOR13,13#LRO14,36#XOR11,11#LRO15,1#LRO19,28#XOR4,4#XOR6,6#LRO9,37#XOR13,13#LRO21,62#XOR17,17#XOR5,5#XOR3,3#XOR18,18#XOR4,4#XOR16,16#XOR4,4#LRO7,43#LRO22,29#XOR16,16#LRO4,53#LRO13,30#LRO24,56#XOR24,24#XOR9,9#LRO11,53#LRO15,14#
=================================================================

92	:
Fitness Score:	2.0131690422323496
Bitchange:	0.003270724404182868
Round Function:
XOR6,6#XOR11,11#XOR24,24#LRO20,56#LRO14,1#XOR24,24#LRO1,60#XOR8,8#XOR5,5#XOR2,2#XOR24,24#XOR18,18#XOR9,9#XOR19,19#XOR7,7#LRO12,29#LRO3,61#LRO13,56#XOR14,14#XOR6,6#XOR20,20#XOR6,6#LRO16,19#LRO22,42#LRO2,14#LRO0,20#XOR2,2#LRO6,25#LRO21,33#XOR14,14#LRO19,56#XOR6,6#LRO7,11#XOR21,21#XOR18,18#XOR9,9#XOR24,24#LRO19,52#LRO4,53#XOR2,2#
=================================================================

93	:
Fitness Score:	2.0131844425872414
Bitchange:	0.0032745242582684713
Round Function:
XOR21,21#XOR16,16#XOR10,10#LRO20,56#LRO7,15#XOR24,24#LRO1,60#XOR8,8#LRO8,4#LRO16,41#XOR21,21#XOR18,18#LRO24,20#LRO11,14#XOR22,22#LRO2,34#LRO3,61#XOR11,11#XOR23,23#XOR6,6#XOR2,2#LRO13,1#LRO6,60#XOR22,22#LRO2,14#LRO11,59#XOR2,2#XOR19,19#LRO1,37#XOR14,14#LRO15,46#XOR6,6#XOR7,7#XOR19,19#LRO24,12#XOR9,9#XOR24,24#XOR8,8#LRO4,53#LRO7,17#
=================================================================

94	:
Fitness Score:	2.0131882927127798
Bitchange:	0.003275474221789872
Round Function:
XOR8,8#LRO20,53#XOR4,4#LRO18,18#XOR8,8#XOR18,18#XOR11,11#LRO14,0#LRO10,46#XOR3,3#LRO5,37#XOR8,8#XOR6,6#LRO21,49#LRO22,18#LRO10,46#XOR16,16#LRO13,53#LRO18,50#LRO6,38#XOR15,15#LRO13,36#XOR16,16#LRO14,31#XOR6,6#LRO18,6#XOR6,6#XOR24,24#LRO6,58#XOR17,17#LRO1,10#XOR18,18#LRO23,31#LRO16,0#XOR7,7#XOR8,8#LRO6,18#XOR3,3#XOR20,20#XOR7,7#
=================================================================

95	:
Fitness Score:	2.013190217781071
Bitchange:	0.0032759492035505725
Round Function:
LRO16,14#LRO9,45#LRO8,31#LRO3,49#XOR22,22#LRO1,48#XOR2,2#LRO11,53#LRO23,24#XOR6,6#LRO3,44#XOR9,9#XOR14,14#LRO21,45#XOR21,21#XOR22,22#XOR6,6#XOR18,18#LRO23,34#XOR14,14#XOR9,9#LRO5,7#XOR6,6#LRO6,3#LRO24,63#LRO9,42#XOR17,17#XOR22,22#XOR21,21#LRO20,16#LRO16,9#XOR24,24#LRO8,21#LRO8,54#XOR18,18#XOR7,7#XOR16,16#LRO7,33#LRO1,26#LRO22,11#
=================================================================

96	:
Fitness Score:	2.013219094247246
Bitchange:	0.0032830739299610783
Round Function:
LRO15,42#LRO18,48#LRO20,60#LRO10,12#LRO7,46#XOR7,7#XOR4,4#XOR1,1#XOR11,11#XOR4,4#LRO5,45#LRO7,46#XOR11,11#XOR12,12#LRO19,33#XOR6,6#XOR10,10#LRO7,45#LRO11,30#LRO6,48#XOR1,1#XOR20,20#XOR6,6#XOR8,8#LRO7,17#LRO3,38#LRO0,35#LRO14,2#LRO11,57#XOR19,19#LRO2,33#LRO18,60#LRO11,45#XOR8,8#LRO4,41#XOR5,5#LRO23,9#XOR12,12#XOR12,12#XOR22,22#
=================================================================

97	:
Fitness Score:	2.0132287199200576
Bitchange:	0.00328544883876458
Round Function:
XOR21,21#LRO12,2#XOR11,11#LRO2,10#XOR20,20#XOR24,24#XOR15,15#XOR10,10#LRO19,59#LRO12,30#LRO4,2#LRO18,62#LRO3,13#LRO11,59#LRO24,34#LRO12,33#XOR21,21#XOR23,23#XOR7,7#LRO3,11#LRO19,33#XOR18,18#LRO21,33#LRO24,44#XOR14,14#XOR9,9#XOR17,17#XOR23,23#XOR10,10#LRO24,10#LRO22,17#XOR19,19#XOR9,9#LRO14,2#XOR13,13#XOR12,12#XOR8,8#XOR24,24#XOR1,1#LRO0,46#
=================================================================

98	:
Fitness Score:	2.013244121188012
Bitchange:	0.0032892486928501833
Round Function:
LRO7,16#LRO15,17#XOR4,4#XOR21,21#LRO7,46#LRO19,13#LRO13,32#LRO20,37#XOR8,8#LRO18,43#XOR20,20#XOR6,6#LRO0,6#LRO23,6#XOR4,4#LRO0,15#XOR14,14#XOR11,11#LRO0,18#XOR24,24#LRO23,19#LRO13,33#LRO12,38#LRO16,15#LRO18,60#XOR15,15#LRO24,52#LRO4,44#LRO2,49#XOR9,9#LRO21,24#XOR1,1#LRO20,56#XOR4,4#LRO14,54#LRO15,48#LRO12,53#LRO17,13#XOR24,24#LRO14,11#
=================================================================

99	:
Fitness Score:	2.013292251669182
Bitchange:	0.003301123236867693
Round Function:
LRO16,1#LRO21,41#LRO12,1#XOR16,16#XOR9,9#XOR13,13#XOR18,18#XOR13,13#LRO16,58#XOR6,6#LRO2,43#LRO3,36#XOR10,10#LRO5,29#LRO14,26#XOR23,23#LRO4,41#XOR1,1#XOR9,9#LRO22,36#XOR15,15#XOR18,18#XOR17,17#XOR13,13#LRO3,1#LRO19,59#XOR18,18#XOR24,24#LRO17,36#XOR18,18#XOR11,11#LRO21,61#LRO20,38#XOR8,8#LRO14,17#LRO4,59#LRO20,2#LRO24,16#LRO24,60#XOR1,1#
=================================================================

100	:
Fitness Score:	2.0132941769362955
Bitchange:	0.0033015982186283934
Round Function:
LRO13,45#LRO9,3#XOR6,6#LRO3,56#XOR14,14#XOR22,22#XOR4,4#XOR18,18#LRO23,35#LRO23,41#XOR12,12#XOR1,1#XOR20,20#XOR15,15#LRO0,46#XOR16,16#XOR10,10#LRO3,18#LRO16,22#LRO1,42#XOR14,14#LRO1,61#LRO10,36#XOR7,7#XOR12,12#LRO10,52#XOR14,14#XOR16,16#LRO9,33#LRO18,35#LRO14,39#LRO1,33#LRO2,43#XOR16,16#LRO0,23#XOR11,11#LRO8,4#LRO13,55#LRO15,17#XOR6,6#
=================================================================

101	:
Fitness Score:	2.01329802748157
Bitchange:	0.003302548182149794
Round Function:
XOR23,15#LRO20,33#LRO1,51#XOR10,10#XOR16,16#XOR4,23#XOR8,8#XOR14,10#LRO6,38#LRO13,5#XOR13,13#XOR15,15#XOR0,10#XOR24,24#XOR22,22#XOR10,10#LRO11,40#XOR9,9#LRO0,8#XOR1,1#XOR0,1#LRO22,3#XOR23,23#LRO10,33#LRO2,56#XOR5,5#XOR16,16#LRO17,32#LRO9,25#XOR17,17#LRO22,23#LRO2,46#XOR11,11#LRO1,2#XOR23,23#XOR21,21#LRO11,59#LRO1,34#LRO9,41#LRO4,32#
=================================================================

102	:
Fitness Score:	2.01331920574386
Bitchange:	0.0033077729815174984
Round Function:
XOR10,10#XOR1,1#XOR11,11#XOR5,5#LRO20,46#LRO10,2#XOR9,9#XOR10,10#LRO4,17#LRO1,22#XOR18,18#LRO20,53#XOR9,9#XOR13,13#LRO8,29#XOR6,6#XOR12,12#LRO22,4#XOR18,18#LRO15,12#XOR7,7#XOR16,16#XOR23,23#XOR17,17#LRO21,15#LRO13,2#XOR23,23#XOR14,14#XOR19,19#LRO2,21#LRO1,1#XOR9,9#LRO11,3#LRO15,5#XOR24,24#XOR12,12#LRO24,52#XOR19,19#LRO23,41#LRO24,12#
=================================================================

103	:
Fitness Score:	2.013321131062525
Bitchange:	0.003308247963278199
Round Function:
XOR5,5#LRO22,13#LRO14,20#XOR17,17#XOR1,1#LRO16,61#XOR21,21#LRO4,26#XOR11,11#XOR15,15#LRO0,57#XOR16,16#LRO7,29#LRO13,48#XOR9,9#XOR13,13#LRO5,7#LRO23,42#LRO24,40#XOR24,24#XOR13,13#LRO5,1#LRO16,38#XOR22,22#XOR12,12#XOR17,17#XOR8,8#XOR22,22#LRO9,25#LRO20,39#XOR17,17#XOR4,4#LRO12,26#LRO23,56#XOR11,11#XOR21,21#LRO18,22#LRO1,9#LRO18,47#LRO14,14#
=================================================================

104	:
Fitness Score:	2.0133288323740106
Bitchange:	0.0033101478903210003
Round Function:
XOR17,17#LRO21,27#LRO16,42#LRO20,13#LRO3,56#LRO23,30#XOR22,22#LRO3,60#XOR9,9#XOR18,18#XOR12,12#XOR11,11#XOR24,24#XOR16,16#LRO11,42#LRO15,36#LRO24,30#XOR13,13#XOR1,1#LRO22,50#XOR13,13#XOR6,6#XOR17,17#XOR5,5#LRO16,27#LRO9,54#XOR8,8#LRO23,43#LRO15,53#XOR8,8#XOR19,19#XOR10,10#XOR8,8#LRO24,55#LRO20,58#XOR15,15#LRO7,44#LRO21,24#LRO3,53#LRO16,45#
=================================================================

105	:
Fitness Score:	2.0133288323740106
Bitchange:	0.0033101478903210003
Round Function:
XOR7,7#LRO7,16#LRO15,20#LRO22,33#LRO24,27#LRO10,2#XOR8,8#LRO18,28#XOR9,9#XOR22,22#LRO16,41#LRO10,18#XOR11,11#XOR11,11#XOR19,19#XOR6,6#XOR8,8#XOR22,22#XOR22,22#LRO20,34#LRO1,23#LRO0,51#XOR1,1#XOR5,5#LRO9,22#LRO10,25#LRO16,8#XOR15,15#XOR15,15#LRO7,62#LRO8,33#LRO18,48#LRO14,13#XOR10,10#LRO14,2#XOR1,1#XOR15,15#XOR12,12#XOR22,22#LRO11,35#
=================================================================

106	:
Fitness Score:	2.0134231782214767
Bitchange:	0.0033334219965953193
Round Function:
LRO10,24#LRO5,28#XOR9,9#XOR24,24#XOR11,11#XOR15,15#XOR21,21#LRO22,30#LRO14,25#XOR22,22#LRO8,12#LRO6,0#XOR9,9#XOR24,24#LRO18,20#XOR4,4#XOR5,5#XOR23,23#XOR1,1#LRO19,35#XOR15,15#LRO20,57#LRO11,22#XOR11,11#XOR19,19#LRO17,21#XOR18,18#LRO4,25#LRO20,49#XOR6,6#LRO18,46#XOR7,7#LRO18,45#XOR5,5#LRO21,32#LRO1,62#XOR20,20#LRO17,0#LRO11,37#XOR6,6#
=================================================================

107	:
Fitness Score:	2.0134231782214767
Bitchange:	0.0033334219965953193
Round Function:
XOR7,7#XOR10,10#LRO15,20#LRO22,33#LRO21,2#LRO19,31#XOR8,8#XOR22,22#LRO16,63#LRO21,60#LRO16,41#LRO6,28#LRO6,39#XOR9,9#LRO5,27#LRO7,24#XOR8,8#LRO7,15#XOR22,22#LRO15,38#LRO1,23#XOR10,10#XOR21,21#XOR5,5#LRO18,61#XOR21,21#XOR7,7#XOR15,15#LRO14,35#LRO7,62#LRO9,10#LRO18,27#LRO13,26#XOR13,13#LRO15,48#XOR1,1#XOR15,15#XOR12,12#XOR22,22#LRO11,35#
=================================================================

108	:
Fitness Score:	2.0134347313818797
Bitchange:	0.0033362718871595217
Round Function:
XOR20,20#XOR4,4#XOR12,12#XOR13,13#LRO9,48#XOR16,16#LRO18,50#LRO18,51#LRO11,48#XOR22,22#LRO16,62#LRO19,46#XOR1,1#LRO12,1#XOR6,6#LRO14,14#XOR10,10#LRO4,16#XOR13,13#LRO9,56#LRO19,27#LRO13,23#XOR23,23#XOR15,15#LRO19,63#XOR14,14#LRO19,62#LRO7,36#XOR13,13#XOR15,15#LRO23,35#XOR13,13#LRO16,51#LRO10,1#LRO5,59#XOR21,21#LRO0,2#LRO9,54#LRO5,63#XOR23,23#
=================================================================

109	:
Fitness Score:	2.013440508011801
Bitchange:	0.003337696832441623
Round Function:
LRO11,50#LRO22,13#LRO3,18#XOR23,23#XOR1,1#LRO16,61#LRO8,35#XOR17,17#XOR12,12#LRO13,5#LRO4,5#XOR14,14#XOR12,12#LRO8,6#LRO16,22#XOR7,7#LRO11,40#LRO24,50#XOR12,12#XOR10,10#XOR13,13#XOR17,17#XOR19,19#LRO23,55#XOR15,15#LRO3,45#XOR16,16#XOR19,19#XOR9,9#XOR19,19#XOR12,12#LRO0,40#XOR6,6#LRO9,46#LRO14,2#XOR10,10#XOR20,20#XOR22,22#LRO20,21#LRO10,46#
=================================================================

110	:
Fitness Score:	2.0173144493727238
Bitchange:	0.004291460207928306
Round Function:
LRO1,30#XOR6,6#XOR21,21#LRO19,11#LRO2,52#XOR12,12#XOR20,20#LRO14,29#XOR4,4#XOR15,15#LRO20,44#LRO7,25#LRO14,34#XOR15,15#XOR17,17#LRO11,26#XOR19,19#LRO11,17#LRO14,56#XOR20,20#LRO13,8#LRO23,34#LRO10,52#LRO0,0#LRO18,21#LRO3,52#XOR4,4#LRO6,61#LRO13,42#XOR20,20#LRO22,18#LRO7,35#XOR24,24#LRO5,47#XOR9,9#XOR15,15#XOR23,23#XOR13,13#XOR20,20#LRO0,57#
=================================================================

111	:
Fitness Score:	2.017445899600315
Bitchange:	0.004323758967655957
Round Function:
XOR7,7#LRO12,11#LRO24,18#LRO10,49#XOR10,10#LRO17,25#LRO17,22#XOR12,12#XOR6,6#XOR13,13#XOR21,21#LRO3,52#XOR21,21#LRO23,10#LRO22,4#LRO2,43#XOR17,17#LRO17,44#LRO22,1#LRO20,46#LRO1,43#XOR23,23#LRO2,37#LRO0,12#LRO9,60#LRO23,55#XOR24,24#LRO1,35#LRO20,54#LRO8,19#XOR4,4#XOR20,20#LRO13,33#XOR13,13#LRO14,56#XOR15,15#XOR17,17#XOR21,21#LRO9,25#LRO17,13#
=================================================================

112	:
Fitness Score:	2.017465231961012
Bitchange:	0.004328508785262957
Round Function:
LRO16,13#LRO17,33#LRO17,38#LRO2,32#XOR10,10#LRO1,17#XOR8,8#XOR14,14#LRO3,3#XOR21,21#LRO18,48#LRO17,17#XOR12,12#LRO4,37#XOR21,21#LRO13,53#LRO21,3#LRO12,2#LRO19,27#LRO22,58#LRO14,53#LRO16,15#LRO12,49#LRO11,36#LRO18,61#XOR17,17#XOR7,7#LRO15,42#LRO9,3#LRO5,4#LRO0,46#XOR5,5#LRO12,62#XOR22,22#XOR5,5#LRO3,12#LRO11,59#XOR17,17#XOR11,11#XOR10,10#
=================================================================

113	:
Fitness Score:	2.017478764833953
Bitchange:	0.004331833657587869
Round Function:
XOR7,7#LRO17,30#LRO24,18#LRO23,23#LRO2,52#LRO6,27#XOR20,20#LRO9,31#XOR4,4#LRO16,40#XOR21,21#LRO3,52#LRO22,57#LRO22,20#LRO22,4#XOR13,13#XOR20,20#LRO17,44#LRO9,44#XOR20,20#XOR21,21#LRO19,47#LRO2,37#XOR21,21#LRO9,60#LRO24,33#XOR24,24#LRO6,61#LRO20,54#LRO8,19#XOR4,4#LRO7,35#XOR9,9#XOR13,13#LRO14,56#XOR20,20#XOR23,23#LRO1,22#XOR13,13#XOR20,20#
=================================================================

114	:
Fitness Score:	2.017496164508795
Bitchange:	0.004336108493434174
Round Function:
LRO1,42#XOR14,14#LRO17,38#LRO2,32#LRO12,42#LRO17,25#LRO2,26#LRO17,57#XOR18,18#XOR13,13#LRO14,31#LRO20,33#LRO16,13#LRO4,37#XOR21,21#LRO13,53#XOR4,4#XOR12,12#LRO22,1#LRO22,58#LRO1,43#XOR7,7#XOR19,19#LRO3,45#XOR19,19#LRO23,55#XOR16,16#LRO1,35#LRO14,35#LRO5,4#LRO0,46#XOR20,20#LRO13,33#LRO8,17#LRO12,60#XOR15,15#LRO21,44#XOR17,17#LRO9,25#XOR10,10#
=================================================================

115	:
Fitness Score:	2.0175232312662144
Bitchange:	0.004342758238083982
Round Function:
XOR23,15#XOR22,22#LRO1,51#LRO16,61#LRO7,15#XOR4,23#LRO16,30#XOR17,17#LRO8,4#XOR9,9#LRO3,29#LRO0,50#LRO24,20#LRO8,55#LRO10,62#XOR10,10#LRO11,40#XOR9,9#XOR23,23#LRO12,3#LRO24,44#LRO19,37#XOR19,19#XOR22,22#LRO24,24#XOR16,16#XOR19,19#LRO9,2#LRO1,37#LRO12,11#XOR21,21#XOR24,24#XOR7,7#XOR19,19#LRO6,20#XOR21,21#LRO11,59#XOR8,8#LRO19,35#LRO7,17#
=================================================================

116	:
Fitness Score:	2.0175232312662144
Bitchange:	0.004342758238083981
Round Function:
XOR23,15#XOR22,22#LRO10,41#XOR10,10#XOR4,4#XOR4,23#LRO16,30#XOR14,10#LRO2,27#XOR9,9#XOR17,17#LRO0,50#XOR0,10#LRO20,11#LRO15,20#XOR24,24#LRO11,40#XOR4,4#LRO15,38#LRO10,20#XOR16,16#XOR22,22#LRO14,56#XOR11,11#LRO24,24#XOR16,16#LRO3,25#LRO17,32#LRO9,46#LRO12,11#XOR21,21#XOR24,24#XOR24,24#LRO24,6#LRO10,61#LRO19,24#LRO11,59#LRO1,34#XOR24,24#LRO11,21#
=================================================================

117	:
Fitness Score:	2.0175735000282717
Bitchange:	0.004355107763862202
Round Function:
LRO4,18#XOR17,17#LRO17,38#LRO2,32#LRO1,19#LRO1,17#LRO11,30#XOR14,14#XOR18,18#XOR4,4#XOR15,15#LRO20,33#XOR16,16#LRO6,55#LRO3,29#LRO13,53#LRO8,60#LRO12,2#LRO19,27#LRO20,34#LRO14,53#XOR7,7#LRO12,49#XOR5,5#LRO0,59#XOR24,24#LRO4,0#XOR19,19#LRO9,3#LRO7,62#LRO0,46#LRO15,49#LRO20,25#LRO8,17#LRO6,49#LRO10,34#XOR24,24#LRO6,27#XOR11,11#XOR10,10#
=================================================================

118	:
Fitness Score:	2.017592834834543
Bitchange:	0.004359857581469206
Round Function:
LRO6,39#LRO3,29#XOR20,20#LRO9,10#XOR14,14#XOR15,15#XOR15,15#LRO20,12#LRO18,45#LRO1,33#XOR20,20#LRO19,16#XOR18,18#LRO2,30#XOR23,23#LRO3,13#LRO7,10#XOR11,11#LRO20,15#LRO1,46#LRO24,59#LRO4,63#XOR4,4#XOR21,21#LRO2,55#XOR16,16#XOR13,13#LRO24,57#LRO24,55#LRO19,37#XOR18,18#XOR14,14#XOR12,12#LRO11,45#LRO9,40#LRO9,17#LRO17,2#XOR7,7#XOR17,17#LRO22,17#
=================================================================

119	:
Fitness Score:	2.01765277508908
Bitchange:	0.0043745820160509315
Round Function:
LRO14,56#LRO17,47#XOR19,19#XOR19,19#XOR20,20#XOR12,12#LRO23,61#LRO12,7#LRO17,14#XOR16,16#XOR12,12#LRO19,10#XOR8,8#LRO12,5#LRO19,43#XOR12,12#LRO5,2#XOR4,4#LRO14,55#LRO15,24#XOR13,13#XOR5,5#XOR11,11#LRO5,41#LRO21,52#LRO18,37#LRO7,29#LRO13,34#XOR12,12#XOR12,12#LRO24,40#LRO15,35#XOR9,9#XOR21,21#LRO17,6#LRO7,8#LRO15,56#XOR5,5#XOR15,15#XOR24,24#
=================================================================

120	:
Fitness Score:	2.0176566423245754
Bitchange:	0.004375531979572337
Round Function:
LRO23,59#XOR21,21#XOR4,4#XOR17,17#LRO9,2#XOR12,12#LRO10,5#LRO2,4#XOR11,11#LRO10,8#LRO21,54#LRO24,21#LRO17,51#XOR13,13#LRO8,45#LRO22,50#XOR8,8#LRO24,37#LRO0,45#XOR23,23#XOR7,7#LRO20,56#LRO18,7#XOR6,6#LRO8,29#LRO23,37#XOR18,18#XOR11,11#LRO23,16#LRO1,5#XOR6,6#LRO5,10#LRO15,13#XOR16,16#XOR16,16#XOR24,24#LRO19,37#LRO23,50#XOR20,20#LRO17,7#
=================================================================

121	:
Fitness Score:	2.0176682441200104
Bitchange:	0.004378381870136528
Round Function:
LRO16,13#LRO17,33#LRO20,62#LRO13,41#LRO1,19#XOR6,6#XOR8,8#XOR24,24#LRO3,3#LRO4,54#XOR15,15#LRO17,17#XOR16,16#LRO6,55#LRO14,39#LRO9,17#LRO21,3#LRO24,50#LRO24,25#LRO20,34#XOR16,16#XOR24,24#XOR12,12#LRO11,36#LRO18,61#XOR20,20#XOR7,7#XOR14,14#LRO23,27#LRO7,62#LRO10,5#XOR17,17#XOR12,12#XOR22,22#LRO6,49#LRO3,56#XOR24,24#LRO16,13#LRO24,46#LRO12,22#
=================================================================

122	:
Fitness Score:	2.017730122615779
Bitchange:	0.004393581286478961
Round Function:
XOR24,24#LRO7,16#LRO15,20#XOR4,4#LRO19,18#LRO19,31#XOR8,8#LRO7,25#LRO16,63#XOR22,22#LRO16,41#XOR10,10#XOR11,11#LRO11,41#XOR19,19#XOR6,6#XOR8,8#XOR22,22#XOR22,22#LRO12,4#LRO1,23#XOR18,18#LRO16,51#XOR5,5#LRO9,22#LRO15,43#LRO18,23#XOR14,14#LRO11,39#LRO7,62#LRO8,33#XOR15,15#LRO14,13#LRO16,38#LRO12,14#LRO2,27#XOR15,15#XOR6,6#XOR22,22#LRO11,35#
=================================================================

123	:
Fitness Score:	2.017770732441316
Bitchange:	0.004403555903453678
Round Function:
LRO21,0#LRO6,22#LRO14,7#XOR10,10#LRO12,17#LRO1,41#XOR21,21#LRO14,50#XOR6,6#XOR10,10#LRO10,6#LRO15,49#XOR13,13#XOR17,17#LRO0,43#XOR15,15#XOR17,17#LRO8,22#LRO10,20#LRO20,21#LRO4,16#XOR18,18#LRO8,37#XOR8,8#LRO20,34#XOR15,15#XOR17,17#LRO6,6#XOR5,5#LRO0,47#XOR12,12#XOR9,9#XOR22,22#LRO12,58#LRO0,40#LRO8,7#XOR15,15#LRO23,32#LRO19,54#LRO8,19#
=================================================================

124	:
Fitness Score:	2.01778426941309
Bitchange:	0.00440688077577858
Round Function:
LRO16,13#LRO7,16#LRO15,20#LRO22,33#LRO24,27#LRO19,31#XOR8,8#LRO5,22#LRO3,3#XOR22,22#LRO2,4#XOR16,16#XOR12,12#XOR24,24#LRO14,39#LRO9,17#XOR8,8#XOR22,22#XOR6,6#LRO20,34#LRO1,23#LRO20,57#XOR12,12#LRO11,36#LRO9,22#LRO13,20#XOR7,7#LRO15,42#LRO23,27#XOR6,6#LRO10,5#LRO15,49#XOR12,12#XOR22,22#XOR23,23#LRO16,0#XOR20,20#LRO16,13#XOR22,22#XOR6,6#
=================================================================

125	:
Fitness Score:	2.022039996235109
Bitchange:	0.005449940722276985
Round Function:
XOR24,24#LRO19,38#LRO1,51#XOR4,4#LRO19,18#LRO13,23#LRO16,30#LRO7,25#LRO2,27#XOR9,9#XOR24,24#LRO0,50#XOR0,10#LRO17,12#LRO15,20#XOR10,10#LRO11,40#XOR9,9#LRO0,17#LRO12,4#LRO24,5#XOR18,18#LRO16,51#XOR2,0#LRO24,24#LRO15,43#LRO18,23#XOR14,14#LRO11,39#LRO18,57#LRO10,16#XOR15,15#LRO23,56#LRO24,6#LRO0,42#LRO2,27#LRO21,48#LRO1,34#LRO4,48#LRO11,21#
=================================================================

126	:
Fitness Score:	2.039735894939283
Bitchange:	0.009740450966684033
Round Function:
XOR23,15#XOR22,22#LRO1,51#XOR10,10#LRO24,62#XOR4,23#XOR1,0#XOR14,10#XOR0,3#LRO13,5#LRO16,41#LRO0,50#XOR0,10#XOR7,7#XOR3,2#XOR10,10#XOR11,2#XOR9,9#LRO0,17#LRO11,41#XOR0,1#XOR6,1#LRO12,13#XOR5,5#XOR6,6#XOR22,22#LRO3,33#LRO17,32#XOR6,22#LRO22,24#XOR21,21#LRO2,46#LRO17,1#LRO8,48#XOR23,23#XOR21,21#XOR23,23#LRO1,34#LRO20,21#LRO22,35#
=================================================================

127	:
Fitness Score:	2.0576919693732587
Bitchange:	0.014018611685312394
Round Function:
XOR23,15#LRO19,44#LRO1,51#XOR1,14#LRO24,62#XOR4,23#XOR1,0#XOR14,10#XOR0,3#LRO13,5#LRO3,44#LRO0,50#XOR0,10#XOR7,7#XOR3,2#XOR10,10#XOR11,2#XOR9,9#LRO0,17#XOR18,14#XOR0,1#XOR6,1#LRO12,13#XOR2,0#LRO24,24#XOR22,22#LRO3,33#LRO17,32#XOR6,22#LRO22,24#XOR15,15#LRO2,46#LRO6,10#LRO8,48#LRO0,18#LRO19,24#XOR23,23#LRO1,22#XOR18,18#LRO12,44#
=================================================================

